  [1m[35m (376.4ms)[0m  [1m[35mCREATE DATABASE "music_app_development" ENCODING = 'unicode'[0m
  ↳ bin/rails:9
  [1m[35m (104.7ms)[0m  [1m[35mCREATE DATABASE "music_app_test" ENCODING = 'unicode'[0m
  ↳ bin/rails:9
  [1m[35m (33.7ms)[0m  [1m[35mDROP DATABASE IF EXISTS "music_app_development"[0m
  ↳ bin/rails:9
  [1m[35m (33.3ms)[0m  [1m[35mDROP DATABASE IF EXISTS "music_app_test"[0m
  ↳ bin/rails:9
  [1m[35m (265.0ms)[0m  [1m[35mCREATE DATABASE "music_app_development" ENCODING = 'unicode'[0m
  ↳ bin/rails:9
  [1m[35m (97.2ms)[0m  [1m[35mCREATE DATABASE "music_app_test" ENCODING = 'unicode'[0m
  ↳ bin/rails:9
  [1m[35m (89.0ms)[0m  [1m[35mCREATE TABLE "schema_migrations" ("version" character varying NOT NULL PRIMARY KEY)[0m
  ↳ bin/rails:9
  [1m[35m (5.6ms)[0m  [1m[35mCREATE TABLE "ar_internal_metadata" ("key" character varying NOT NULL PRIMARY KEY, "value" character varying, "created_at" timestamp NOT NULL, "updated_at" timestamp NOT NULL)[0m
  ↳ bin/rails:9
  [1m[35m (1.0ms)[0m  [1m[34mSELECT pg_try_advisory_lock(4505726345591715405)[0m
  ↳ bin/rails:9
  [1m[35m (1.0ms)[0m  [1m[34mSELECT "schema_migrations"."version" FROM "schema_migrations" ORDER BY "schema_migrations"."version" ASC[0m
  ↳ bin/rails:9
Migrating to CreateUsers (20191213162145)
  [1m[35m (0.6ms)[0m  [1m[35mBEGIN[0m
  ↳ bin/rails:9
  [1m[35m (11.7ms)[0m  [1m[35mCREATE TABLE "users" ("id" bigserial primary key, "email" character varying NOT NULL, "password_digest" character varying NOT NULL, "session_token" character varying NOT NULL)[0m
  ↳ db/migrate/20191213162145_create_users.rb:3
  [1m[35m (3.4ms)[0m  [1m[35mCREATE UNIQUE INDEX  "index_users_on_email" ON "users"  ("email")[0m
  ↳ db/migrate/20191213162145_create_users.rb:8
  [1m[35m (1.2ms)[0m  [1m[35mCREATE  INDEX  "index_users_on_session_token" ON "users"  ("session_token")[0m
  ↳ db/migrate/20191213162145_create_users.rb:9
  [1m[36mActiveRecord::SchemaMigration Create (6.0ms)[0m  [1m[32mINSERT INTO "schema_migrations" ("version") VALUES ($1) RETURNING "version"[0m  [["version", "20191213162145"]]
  ↳ bin/rails:9
  [1m[35m (0.4ms)[0m  [1m[35mCOMMIT[0m
  ↳ bin/rails:9
  [1m[36mActiveRecord::InternalMetadata Load (1.0ms)[0m  [1m[34mSELECT  "ar_internal_metadata".* FROM "ar_internal_metadata" WHERE "ar_internal_metadata"."key" = $1 LIMIT $2[0m  [["key", "environment"], ["LIMIT", 1]]
  ↳ bin/rails:9
  [1m[35m (0.2ms)[0m  [1m[35mBEGIN[0m
  ↳ bin/rails:9
  [1m[36mActiveRecord::InternalMetadata Create (1.4ms)[0m  [1m[32mINSERT INTO "ar_internal_metadata" ("key", "value", "created_at", "updated_at") VALUES ($1, $2, $3, $4) RETURNING "key"[0m  [["key", "environment"], ["value", "development"], ["created_at", "2019-12-13 16:23:28.345905"], ["updated_at", "2019-12-13 16:23:28.345905"]]
  ↳ bin/rails:9
  [1m[35m (0.5ms)[0m  [1m[35mCOMMIT[0m
  ↳ bin/rails:9
  [1m[35m (0.3ms)[0m  [1m[34mSELECT pg_advisory_unlock(4505726345591715405)[0m
  ↳ bin/rails:9
  [1m[35m (0.2ms)[0m  [1m[34mSELECT "schema_migrations"."version" FROM "schema_migrations" ORDER BY "schema_migrations"."version" ASC[0m
  ↳ bin/rails:9
Started GET "/cats" for ::1 at 2019-12-13 09:28:43 -0800
  [1m[35m (0.7ms)[0m  [1m[34mSELECT "schema_migrations"."version" FROM "schema_migrations" ORDER BY "schema_migrations"."version" ASC[0m
  ↳ /Users/ortiz-garcia/.rbenv/versions/2.5.1/lib/ruby/gems/2.5.0/gems/activerecord-5.2.4/lib/active_record/log_subscriber.rb:98
  
ActionController::RoutingError (No route matches [GET] "/cats"):
  
actionpack (5.2.4) lib/action_dispatch/middleware/debug_exceptions.rb:65:in `call'
web-console (3.7.0) lib/web_console/middleware.rb:135:in `call_app'
web-console (3.7.0) lib/web_console/middleware.rb:30:in `block in call'
web-console (3.7.0) lib/web_console/middleware.rb:20:in `catch'
web-console (3.7.0) lib/web_console/middleware.rb:20:in `call'
actionpack (5.2.4) lib/action_dispatch/middleware/show_exceptions.rb:33:in `call'
railties (5.2.4) lib/rails/rack/logger.rb:38:in `call_app'
railties (5.2.4) lib/rails/rack/logger.rb:26:in `block in call'
activesupport (5.2.4) lib/active_support/tagged_logging.rb:71:in `block in tagged'
activesupport (5.2.4) lib/active_support/tagged_logging.rb:28:in `tagged'
activesupport (5.2.4) lib/active_support/tagged_logging.rb:71:in `tagged'
railties (5.2.4) lib/rails/rack/logger.rb:26:in `call'
sprockets-rails (3.2.1) lib/sprockets/rails/quiet_assets.rb:13:in `call'
actionpack (5.2.4) lib/action_dispatch/middleware/remote_ip.rb:81:in `call'
actionpack (5.2.4) lib/action_dispatch/middleware/request_id.rb:27:in `call'
rack (2.0.7) lib/rack/method_override.rb:22:in `call'
rack (2.0.7) lib/rack/runtime.rb:22:in `call'
activesupport (5.2.4) lib/active_support/cache/strategy/local_cache_middleware.rb:29:in `call'
actionpack (5.2.4) lib/action_dispatch/middleware/executor.rb:14:in `call'
actionpack (5.2.4) lib/action_dispatch/middleware/static.rb:127:in `call'
rack (2.0.7) lib/rack/sendfile.rb:111:in `call'
railties (5.2.4) lib/rails/engine.rb:524:in `call'
puma (3.12.2) lib/puma/configuration.rb:227:in `call'
puma (3.12.2) lib/puma/server.rb:674:in `handle_request'
puma (3.12.2) lib/puma/server.rb:476:in `process_client'
puma (3.12.2) lib/puma/server.rb:334:in `block in run'
puma (3.12.2) lib/puma/thread_pool.rb:135:in `block in spawn_thread'
Started GET "/users/new" for ::1 at 2019-12-13 09:28:46 -0800
Processing by UsersController#new as HTML
  Rendering users/new.html.erb within layouts/application
  Rendered users/new.html.erb within layouts/application (275.1ms)
Completed 500 Internal Server Error in 295ms (ActiveRecord: 6.5ms)


  
ActionView::Template::Error (undefined local variable or method `form_autenticity_token' for #<#<Class:0x00007fe0077588b8>:0x00007fe006eb24c0>
Did you mean?  form_authenticity_token):
    1: <h1> Sign Up </h1>
    2: 
    3: <form action="<%= users_url %>" method="POST">
    4:     <%= form_auth %>
    5:     <label for="user-email">Email</label>
    6:     <input type="email" id="user-email" name="user[email]" value="<%= @user.email %>"/>
    7: 
  
app/helpers/application_helper.rb:7:in `form_auth'
app/views/users/new.html.erb:4:in `_app_views_users_new_html_erb__378077973428650774_70300082734460'
app/controllers/users_controller.rb:5:in `new'
Started GET "/users/new" for ::1 at 2019-12-13 09:29:09 -0800
Processing by UsersController#new as HTML
  Rendering users/new.html.erb within layouts/application
  Rendered users/new.html.erb within layouts/application (3.5ms)
Completed 500 Internal Server Error in 18ms (ActiveRecord: 5.1ms)


  
ActionView::Template::Error (undefined method `html' for #<String:0x00007fe00a0d8490>):
    1: <h1> Sign Up </h1>
    2: 
    3: <form action="<%= users_url %>" method="POST">
    4:     <%= form_auth %>
    5:     <label for="user-email">Email</label>
    6:     <input type="email" id="user-email" name="user[email]" value="<%= @user.email %>"/>
    7: 
  
app/helpers/application_helper.rb:4:in `form_auth'
app/views/users/new.html.erb:4:in `_app_views_users_new_html_erb__378077973428650774_70300109062420'
app/controllers/users_controller.rb:5:in `new'
Started GET "/users/new" for ::1 at 2019-12-13 09:29:23 -0800
Processing by UsersController#new as HTML
  Rendering users/new.html.erb within layouts/application
  Rendered users/new.html.erb within layouts/application (0.6ms)
Completed 200 OK in 297ms (Views: 285.9ms | ActiveRecord: 5.1ms)


Started GET "/users/new" for ::1 at 2019-12-13 09:29:58 -0800
Processing by UsersController#new as HTML
  Rendering users/new.html.erb within layouts/application
  Rendered users/new.html.erb within layouts/application (0.5ms)
Completed 200 OK in 16ms (Views: 13.5ms | ActiveRecord: 0.0ms)


Started POST "/users" for ::1 at 2019-12-13 09:30:14 -0800
Processing by UsersController#create as HTML
  Parameters: {"authenticity_token"=>"AevTPa1dPi8nMx0d2xzSImY17H0d9gypwFKW2aEFsUGPiizswSNRK5KH4Mo3gTlSoXKdH4ddoqXx6ovODpSzDg==", "user"=>{"email"=>"user1@user.com", "password"=>"[FILTERED]"}}
  [1m[35m (0.2ms)[0m  [1m[35mBEGIN[0m
  ↳ app/controllers/users_controller.rb:10
  [1m[36mUser Create (5.5ms)[0m  [1m[32mINSERT INTO "users" ("email", "password_digest", "session_token") VALUES ($1, $2, $3) RETURNING "id"[0m  [["email", "user1@user.com"], ["password_digest", "$2a$12$k0wnSjf7lZeRABgSMsWKX./jphpon9OAK3HbX.iYEJT2o1.WlJEDm"], ["session_token", "amdxB5rkODSQhpBO9TfSEA"]]
  ↳ app/controllers/users_controller.rb:10
  [1m[35m (4.9ms)[0m  [1m[35mCOMMIT[0m
  ↳ app/controllers/users_controller.rb:10
  [1m[35m (0.2ms)[0m  [1m[35mBEGIN[0m
  ↳ app/models/user.rb:19
  [1m[36mUser Update (4.5ms)[0m  [1m[33mUPDATE "users" SET "session_token" = $1 WHERE "users"."id" = $2[0m  [["session_token", "_yv3ybG_rbs4iKOdpMUeZQ"], ["id", 1]]
  ↳ app/models/user.rb:19
  [1m[35m (0.5ms)[0m  [1m[35mCOMMIT[0m
  ↳ app/models/user.rb:19
Completed 500 Internal Server Error in 255ms (ActiveRecord: 15.8ms)


  
ActionController::UrlGenerationError (No route matches {:action=>"show", :controller=>"users"}, missing required keys: [:id]):
  
app/controllers/users_controller.rb:12:in `create'
Started GET "/users/new" for ::1 at 2019-12-13 09:33:51 -0800
Processing by UsersController#new as HTML
  Rendering users/new.html.erb within layouts/application
  Rendered users/new.html.erb within layouts/application (0.5ms)
Completed 200 OK in 29ms (Views: 13.2ms | ActiveRecord: 8.5ms)


Started POST "/users" for ::1 at 2019-12-13 09:34:07 -0800
Processing by UsersController#create as HTML
  Parameters: {"authenticity_token"=>"QMl9SmQhKqWfrHehG4EsDjOxkzSOevXmc3Dc4H0WPGbOqIKbCF9FoSoYinb3HMd+9PbiVhTRW+pCyMH30oc+KQ==", "user"=>{"email"=>"user2@user.com", "password"=>"[FILTERED]"}}
  [1m[35m (0.2ms)[0m  [1m[35mBEGIN[0m
  ↳ app/controllers/users_controller.rb:10
  [1m[36mUser Create (0.3ms)[0m  [1m[32mINSERT INTO "users" ("email", "password_digest", "session_token") VALUES ($1, $2, $3) RETURNING "id"[0m  [["email", "user2@user.com"], ["password_digest", "$2a$12$k0NuoJSTVFVuuPesDJanSOBEvSa728PVi94WrBmzy0FOlCugGnIEO"], ["session_token", "5jcLOPb13fCVuSdMHzgrzQ"]]
  ↳ app/controllers/users_controller.rb:10
  [1m[35m (1.8ms)[0m  [1m[35mCOMMIT[0m
  ↳ app/controllers/users_controller.rb:10
  [1m[35m (0.2ms)[0m  [1m[35mBEGIN[0m
  ↳ app/models/user.rb:19
  [1m[36mUser Update (0.4ms)[0m  [1m[33mUPDATE "users" SET "session_token" = $1 WHERE "users"."id" = $2[0m  [["session_token", "jiT54Vfa9va5W-OhL06zhw"], ["id", 2]]
  ↳ app/models/user.rb:19
  [1m[35m (0.4ms)[0m  [1m[35mCOMMIT[0m
  ↳ app/models/user.rb:19
Redirected to http://localhost:3000/users/2
Completed 302 Found in 239ms (ActiveRecord: 3.4ms)


Started GET "/users/2" for ::1 at 2019-12-13 09:34:07 -0800
Processing by UsersController#show as HTML
  Parameters: {"id"=>"2"}
  [1m[36mUser Load (0.2ms)[0m  [1m[34mSELECT  "users".* FROM "users" LIMIT $1[0m  [["LIMIT", 1]]
  ↳ app/controllers/application_controller.rb:5
  [1m[36mUser Load (0.2ms)[0m  [1m[34mSELECT  "users".* FROM "users" WHERE "users"."id" = $1 LIMIT $2[0m  [["id", 1], ["LIMIT", 1]]
  ↳ app/controllers/users_controller.rb:19
  Rendering users/show.html.erb within layouts/application
  Rendered users/show.html.erb within layouts/application (0.4ms)
Completed 200 OK in 21ms (Views: 16.0ms | ActiveRecord: 0.7ms)


Started GET "/session/new" for ::1 at 2019-12-13 09:43:01 -0800
  [1m[35m (2.3ms)[0m  [1m[34mSELECT "schema_migrations"."version" FROM "schema_migrations" ORDER BY "schema_migrations"."version" ASC[0m
  ↳ /Users/ortiz-garcia/.rbenv/versions/2.5.1/lib/ruby/gems/2.5.0/gems/activerecord-5.2.4/lib/active_record/log_subscriber.rb:98
Processing by SessionsController#new as HTML
  Rendering sessions/new.html.erb within layouts/application
  Rendered sessions/new.html.erb within layouts/application (1.0ms)
Completed 200 OK in 204ms (Views: 199.0ms | ActiveRecord: 0.0ms)


Started POST "/session" for ::1 at 2019-12-13 09:43:15 -0800
Processing by SessionsController#create as HTML
  Parameters: {"authenticity_token"=>"Yi2hbBvpeFRJ+GuCGtbwC7SHQ1SJkFa4cuQhM7Nuw03sTF69d5cXUPxMllX2Sxt7c8AyNhM7+LRDXDwkHP/BAg==", "email"=>"user1@user.com", "password"=>"[FILTERED]"}
  [1m[36mUser Load (0.7ms)[0m  [1m[34mSELECT  "users".* FROM "users" WHERE "users"."email" = $1 LIMIT $2[0m  [["email", "user1@user.com"], ["LIMIT", 1]]
  ↳ app/models/user.rb:8
  [1m[35m (0.2ms)[0m  [1m[35mBEGIN[0m
  ↳ app/models/user.rb:19
  [1m[36mUser Update (1.0ms)[0m  [1m[33mUPDATE "users" SET "session_token" = $1 WHERE "users"."id" = $2[0m  [["session_token", "_LYB8-ha-peqb5WI2YGe3w"], ["id", 1]]
  ↳ app/models/user.rb:19
  [1m[35m (2.1ms)[0m  [1m[35mCOMMIT[0m
  ↳ app/models/user.rb:19
Completed 500 Internal Server Error in 318ms (ActiveRecord: 11.1ms)


  
NoMethodError (undefined method `redirec_to' for #<SessionsController:0x00007fd307213630>
Did you mean?  redirect_to):
  
app/controllers/sessions_controller.rb:11:in `create'
Started GET "/session/new" for ::1 at 2019-12-13 09:43:34 -0800
Processing by SessionsController#new as HTML
  Rendering sessions/new.html.erb within layouts/application
  Rendered sessions/new.html.erb within layouts/application (0.5ms)
Completed 200 OK in 22ms (Views: 20.9ms | ActiveRecord: 0.0ms)


Started POST "/session" for ::1 at 2019-12-13 09:43:50 -0800
Processing by SessionsController#create as HTML
  Parameters: {"authenticity_token"=>"xaAJhodWRyJkltmOwG3fDG+3jgaTnFwL2eQ8sC1IxYBLwfZX6ygoJtEiJFks8DR8qPD/ZAk38gfoXCGngtnHzw==", "email"=>"user1@user.com", "password"=>"[FILTERED]"}
  [1m[36mUser Load (0.4ms)[0m  [1m[34mSELECT  "users".* FROM "users" WHERE "users"."email" = $1 LIMIT $2[0m  [["email", "user1@user.com"], ["LIMIT", 1]]
  ↳ app/models/user.rb:8
  [1m[35m (0.2ms)[0m  [1m[35mBEGIN[0m
  ↳ app/models/user.rb:19
  [1m[36mUser Update (0.4ms)[0m  [1m[33mUPDATE "users" SET "session_token" = $1 WHERE "users"."id" = $2[0m  [["session_token", "BtsPvK7WTcdrBfkMZS2xQA"], ["id", 1]]
  ↳ app/models/user.rb:19
  [1m[35m (1.7ms)[0m  [1m[35mCOMMIT[0m
  ↳ app/models/user.rb:19
Redirected to http://localhost:3000/users/1
Completed 302 Found in 264ms (ActiveRecord: 10.3ms)


Started GET "/users/1" for ::1 at 2019-12-13 09:43:50 -0800
Processing by UsersController#show as HTML
  Parameters: {"id"=>"1"}
  [1m[36mUser Load (0.2ms)[0m  [1m[34mSELECT  "users".* FROM "users" LIMIT $1[0m  [["LIMIT", 1]]
  ↳ app/controllers/application_controller.rb:5
  [1m[36mUser Load (0.3ms)[0m  [1m[34mSELECT  "users".* FROM "users" WHERE "users"."id" = $1 LIMIT $2[0m  [["id", 2], ["LIMIT", 1]]
  ↳ app/controllers/users_controller.rb:19
  Rendering users/show.html.erb within layouts/application
  Rendered users/show.html.erb within layouts/application (0.3ms)
Completed 200 OK in 17ms (Views: 14.3ms | ActiveRecord: 0.5ms)


Started GET "/users/1" for ::1 at 2019-12-13 09:51:57 -0800
Processing by UsersController#show as HTML
  Parameters: {"id"=>"1"}
  [1m[36mUser Load (0.6ms)[0m  [1m[34mSELECT  "users".* FROM "users" LIMIT $1[0m  [["LIMIT", 1]]
  ↳ app/controllers/application_controller.rb:5
  [1m[36mUser Load (0.2ms)[0m  [1m[34mSELECT  "users".* FROM "users" WHERE "users"."id" = $1 LIMIT $2[0m  [["id", 2], ["LIMIT", 1]]
  ↳ app/controllers/users_controller.rb:19
  Rendering users/show.html.erb within layouts/application
  Rendered users/show.html.erb within layouts/application (0.3ms)
  [1m[36mCACHE User Load (0.0ms)[0m  [1m[34mSELECT  "users".* FROM "users" LIMIT $1[0m  [["LIMIT", 1]]
  ↳ app/controllers/application_controller.rb:5
Completed 200 OK in 20ms (Views: 16.3ms | ActiveRecord: 1.0ms)


Started DELETE "/session" for ::1 at 2019-12-13 09:52:59 -0800
Processing by SessionsController#destroy as HTML
  Parameters: {"authenticity_token"=>"F3hDHRL/AoR9Ch0veCvNal9Os4v1U1rMvVMgnxo6JY2ZGbzMfoFtgMi+4PiUtiYamAnC6W/49MCM6z2Itasnwg=="}
  [1m[36mUser Load (0.2ms)[0m  [1m[34mSELECT  "users".* FROM "users" LIMIT $1[0m  [["LIMIT", 1]]
  ↳ app/controllers/application_controller.rb:5
  [1m[35m (0.2ms)[0m  [1m[35mBEGIN[0m
  ↳ app/models/user.rb:19
  [1m[36mUser Update (0.5ms)[0m  [1m[33mUPDATE "users" SET "session_token" = $1 WHERE "users"."id" = $2[0m  [["session_token", "91fVYh9NuiUbLFwA-LCG0w"], ["id", 2]]
  ↳ app/models/user.rb:19
  [1m[35m (0.9ms)[0m  [1m[35mCOMMIT[0m
  ↳ app/models/user.rb:19
Redirected to http://localhost:3000/session/new
Completed 302 Found in 20ms (ActiveRecord: 10.8ms)


Started GET "/session/new" for ::1 at 2019-12-13 09:52:59 -0800
Processing by SessionsController#new as HTML
  Rendering sessions/new.html.erb within layouts/application
  Rendered sessions/new.html.erb within layouts/application (0.7ms)
  [1m[36mUser Load (0.3ms)[0m  [1m[34mSELECT  "users".* FROM "users" LIMIT $1[0m  [["LIMIT", 1]]
  ↳ app/controllers/application_controller.rb:5
Completed 200 OK in 19ms (Views: 18.1ms | ActiveRecord: 0.3ms)


Started GET "/session/new" for ::1 at 2019-12-13 09:55:41 -0800
Processing by SessionsController#new as HTML
  Rendering sessions/new.html.erb within layouts/application
  Rendered sessions/new.html.erb within layouts/application (0.5ms)
  [1m[36mUser Load (0.4ms)[0m  [1m[34mSELECT  "users".* FROM "users" LIMIT $1[0m  [["LIMIT", 1]]
  ↳ app/controllers/application_controller.rb:5
Completed 200 OK in 42ms (Views: 40.8ms | ActiveRecord: 0.4ms)


Started GET "/session/new" for ::1 at 2019-12-13 09:55:43 -0800
Processing by SessionsController#new as HTML
  Rendering sessions/new.html.erb within layouts/application
  Rendered sessions/new.html.erb within layouts/application (0.6ms)
  [1m[36mUser Load (0.7ms)[0m  [1m[34mSELECT  "users".* FROM "users" LIMIT $1[0m  [["LIMIT", 1]]
  ↳ app/controllers/application_controller.rb:5
Completed 200 OK in 17ms (Views: 15.7ms | ActiveRecord: 0.7ms)


Started GET "/users/new" for ::1 at 2019-12-13 09:55:51 -0800
Processing by UsersController#new as HTML
  Rendering users/new.html.erb within layouts/application
  Rendered users/new.html.erb within layouts/application (0.6ms)
  [1m[36mUser Load (0.8ms)[0m  [1m[34mSELECT  "users".* FROM "users" LIMIT $1[0m  [["LIMIT", 1]]
  ↳ app/controllers/application_controller.rb:5
Completed 200 OK in 23ms (Views: 20.7ms | ActiveRecord: 0.8ms)


Started DELETE "/session" for ::1 at 2019-12-13 09:55:54 -0800
Processing by SessionsController#destroy as HTML
  Parameters: {"authenticity_token"=>"j+0lUuOjrZLvKq6HCMBT/tlFFZm9xbr1mRnIO12ofpABjNqDj93CllqeU1DkXbiOHgJk+yduFPmoodUs8jl83w=="}
  [1m[36mUser Load (0.2ms)[0m  [1m[34mSELECT  "users".* FROM "users" LIMIT $1[0m  [["LIMIT", 1]]
  ↳ app/controllers/application_controller.rb:5
  [1m[35m (0.1ms)[0m  [1m[35mBEGIN[0m
  ↳ app/models/user.rb:19
  [1m[36mUser Update (0.5ms)[0m  [1m[33mUPDATE "users" SET "session_token" = $1 WHERE "users"."id" = $2[0m  [["session_token", "ywidiZ2cyZePWV5L1R33Rg"], ["id", 1]]
  ↳ app/models/user.rb:19
  [1m[35m (0.5ms)[0m  [1m[35mCOMMIT[0m
  ↳ app/models/user.rb:19
Redirected to http://localhost:3000/session/new
Completed 302 Found in 7ms (ActiveRecord: 1.3ms)


Started GET "/session/new" for ::1 at 2019-12-13 09:55:54 -0800
Processing by SessionsController#new as HTML
  Rendering sessions/new.html.erb within layouts/application
  Rendered sessions/new.html.erb within layouts/application (1.2ms)
  [1m[36mUser Load (0.2ms)[0m  [1m[34mSELECT  "users".* FROM "users" LIMIT $1[0m  [["LIMIT", 1]]
  ↳ app/controllers/application_controller.rb:5
Completed 200 OK in 22ms (Views: 21.3ms | ActiveRecord: 0.2ms)


Started DELETE "/session" for ::1 at 2019-12-13 09:55:55 -0800
Processing by SessionsController#destroy as HTML
  Parameters: {"authenticity_token"=>"++6FL6VCMvzB4spoLIKz1o8njcPEvwbVczzvmBJa4oN1j3r+yTxd+HRWN7/AH1imSGD8oV4UqNlChPKPvcvgzA=="}
  [1m[36mUser Load (0.3ms)[0m  [1m[34mSELECT  "users".* FROM "users" LIMIT $1[0m  [["LIMIT", 1]]
  ↳ app/controllers/application_controller.rb:5
  [1m[35m (0.1ms)[0m  [1m[35mBEGIN[0m
  ↳ app/models/user.rb:19
  [1m[36mUser Update (0.5ms)[0m  [1m[33mUPDATE "users" SET "session_token" = $1 WHERE "users"."id" = $2[0m  [["session_token", "6YoSm73alV3beEQivUNggA"], ["id", 2]]
  ↳ app/models/user.rb:19
  [1m[35m (0.6ms)[0m  [1m[35mCOMMIT[0m
  ↳ app/models/user.rb:19
Redirected to http://localhost:3000/session/new
Completed 302 Found in 6ms (ActiveRecord: 1.5ms)


Started GET "/session/new" for ::1 at 2019-12-13 09:55:55 -0800
Processing by SessionsController#new as HTML
  Rendering sessions/new.html.erb within layouts/application
  Rendered sessions/new.html.erb within layouts/application (0.6ms)
  [1m[36mUser Load (0.2ms)[0m  [1m[34mSELECT  "users".* FROM "users" LIMIT $1[0m  [["LIMIT", 1]]
  ↳ app/controllers/application_controller.rb:5
Completed 200 OK in 29ms (Views: 28.8ms | ActiveRecord: 0.2ms)


Started DELETE "/session" for ::1 at 2019-12-13 09:55:56 -0800
Processing by SessionsController#destroy as HTML
  Parameters: {"authenticity_token"=>"lzeXd20BhPJ6FkxTbp8afPEG4Y4PSf9pvLo9l3/tZwkZVmimAX/r9s+isYSCAvEMNkGQ7JXiUWWNAiCA0HxlRg=="}
  [1m[36mUser Load (0.5ms)[0m  [1m[34mSELECT  "users".* FROM "users" LIMIT $1[0m  [["LIMIT", 1]]
  ↳ app/controllers/application_controller.rb:5
  [1m[35m (0.2ms)[0m  [1m[35mBEGIN[0m
  ↳ app/models/user.rb:19
  [1m[36mUser Update (0.9ms)[0m  [1m[33mUPDATE "users" SET "session_token" = $1 WHERE "users"."id" = $2[0m  [["session_token", "OebfPDfM0WSxTUZt0nV01Q"], ["id", 1]]
  ↳ app/models/user.rb:19
  [1m[35m (0.6ms)[0m  [1m[35mCOMMIT[0m
  ↳ app/models/user.rb:19
Redirected to http://localhost:3000/session/new
Completed 302 Found in 7ms (ActiveRecord: 2.2ms)


Started GET "/session/new" for ::1 at 2019-12-13 09:55:56 -0800
Processing by SessionsController#new as HTML
  Rendering sessions/new.html.erb within layouts/application
  Rendered sessions/new.html.erb within layouts/application (0.5ms)
  [1m[36mUser Load (0.3ms)[0m  [1m[34mSELECT  "users".* FROM "users" LIMIT $1[0m  [["LIMIT", 1]]
  ↳ app/controllers/application_controller.rb:5
Completed 200 OK in 20ms (Views: 18.9ms | ActiveRecord: 0.3ms)


Started POST "/session" for ::1 at 2019-12-13 09:56:41 -0800
Processing by SessionsController#create as HTML
  Parameters: {"authenticity_token"=>"+9A24S2NcGM+nteN/gN6GaX39IIM2EFjdKxMMW1lqVh1sckwQfMfZ4sqKloSnpFpYrCF4JZz729FFFEmwvSrFw==", "email"=>"user1@user.com", "password"=>"[FILTERED]"}
  [1m[36mUser Load (0.6ms)[0m  [1m[34mSELECT  "users".* FROM "users" WHERE "users"."email" = $1 LIMIT $2[0m  [["email", "user1@user.com"], ["LIMIT", 1]]
  ↳ app/models/user.rb:8
  [1m[35m (0.2ms)[0m  [1m[35mBEGIN[0m
  ↳ app/models/user.rb:19
  [1m[36mUser Update (2.3ms)[0m  [1m[33mUPDATE "users" SET "session_token" = $1 WHERE "users"."id" = $2[0m  [["session_token", "xDm63hcx-ZmKBrrw9BYQpA"], ["id", 1]]
  ↳ app/models/user.rb:19
  [1m[35m (0.7ms)[0m  [1m[35mCOMMIT[0m
  ↳ app/models/user.rb:19
Redirected to http://localhost:3000/users/1
Completed 302 Found in 251ms (ActiveRecord: 3.8ms)


Started GET "/users/1" for ::1 at 2019-12-13 09:56:41 -0800
Processing by UsersController#show as HTML
  Parameters: {"id"=>"1"}
  [1m[36mUser Load (0.2ms)[0m  [1m[34mSELECT  "users".* FROM "users" LIMIT $1[0m  [["LIMIT", 1]]
  ↳ app/controllers/application_controller.rb:5
  [1m[36mUser Load (0.3ms)[0m  [1m[34mSELECT  "users".* FROM "users" WHERE "users"."id" = $1 LIMIT $2[0m  [["id", 2], ["LIMIT", 1]]
  ↳ app/controllers/users_controller.rb:19
  Rendering users/show.html.erb within layouts/application
  Rendered users/show.html.erb within layouts/application (0.5ms)
  [1m[36mCACHE User Load (0.0ms)[0m  [1m[34mSELECT  "users".* FROM "users" LIMIT $1[0m  [["LIMIT", 1]]
  ↳ app/controllers/application_controller.rb:5
Completed 200 OK in 18ms (Views: 15.2ms | ActiveRecord: 0.5ms)


Started DELETE "/session" for ::1 at 2019-12-13 09:56:46 -0800
Processing by SessionsController#destroy as HTML
  Parameters: {"authenticity_token"=>"VTDmYWbtQzrNfdWIjelJqPFDiiszkjMTcnuRuoD8Hj/bURmwCpMsPnjJKF9hdKLYNgT7Sak5nR9Dw4ytL20ccA=="}
  [1m[36mUser Load (0.4ms)[0m  [1m[34mSELECT  "users".* FROM "users" LIMIT $1[0m  [["LIMIT", 1]]
  ↳ app/controllers/application_controller.rb:5
  [1m[35m (0.3ms)[0m  [1m[35mBEGIN[0m
  ↳ app/models/user.rb:19
  [1m[36mUser Update (0.7ms)[0m  [1m[33mUPDATE "users" SET "session_token" = $1 WHERE "users"."id" = $2[0m  [["session_token", "OtBe9uPpGhMmrK5WGp0WmQ"], ["id", 2]]
  ↳ app/models/user.rb:19
  [1m[35m (1.7ms)[0m  [1m[35mCOMMIT[0m
  ↳ app/models/user.rb:19
Redirected to http://localhost:3000/session/new
Completed 302 Found in 11ms (ActiveRecord: 3.1ms)


Started GET "/session/new" for ::1 at 2019-12-13 09:56:46 -0800
Processing by SessionsController#new as HTML
  Rendering sessions/new.html.erb within layouts/application
  Rendered sessions/new.html.erb within layouts/application (1.0ms)
  [1m[36mUser Load (0.2ms)[0m  [1m[34mSELECT  "users".* FROM "users" LIMIT $1[0m  [["LIMIT", 1]]
  ↳ app/controllers/application_controller.rb:5
Completed 200 OK in 19ms (Views: 18.1ms | ActiveRecord: 0.2ms)


Started POST "/session" for ::1 at 2019-12-13 09:57:08 -0800
Processing by SessionsController#create as HTML
  Parameters: {"authenticity_token"=>"cR6jY6L0lSO23lzWsZMWwZTVNg8dFoaBPRpaciZGdjL/f1yyzor6JwNqoQFdDv2xU5JHbYe9KI0Mokdlidd0fQ==", "email"=>"user2@user.com", "password"=>"[FILTERED]"}
  [1m[36mUser Load (0.9ms)[0m  [1m[34mSELECT  "users".* FROM "users" WHERE "users"."email" = $1 LIMIT $2[0m  [["email", "user2@user.com"], ["LIMIT", 1]]
  ↳ app/models/user.rb:8
  [1m[35m (0.4ms)[0m  [1m[35mBEGIN[0m
  ↳ app/models/user.rb:19
  [1m[36mUser Update (0.5ms)[0m  [1m[33mUPDATE "users" SET "session_token" = $1 WHERE "users"."id" = $2[0m  [["session_token", "no0CWQoqwa4SOhk06N5hLQ"], ["id", 2]]
  ↳ app/models/user.rb:19
  [1m[35m (1.7ms)[0m  [1m[35mCOMMIT[0m
  ↳ app/models/user.rb:19
Redirected to http://localhost:3000/users/2
Completed 302 Found in 251ms (ActiveRecord: 3.5ms)


Started GET "/users/2" for ::1 at 2019-12-13 09:57:08 -0800
Processing by UsersController#show as HTML
  Parameters: {"id"=>"2"}
  [1m[36mUser Load (0.2ms)[0m  [1m[34mSELECT  "users".* FROM "users" LIMIT $1[0m  [["LIMIT", 1]]
  ↳ app/controllers/application_controller.rb:5
  [1m[36mUser Load (0.3ms)[0m  [1m[34mSELECT  "users".* FROM "users" WHERE "users"."id" = $1 LIMIT $2[0m  [["id", 1], ["LIMIT", 1]]
  ↳ app/controllers/users_controller.rb:19
  Rendering users/show.html.erb within layouts/application
  Rendered users/show.html.erb within layouts/application (0.4ms)
  [1m[36mCACHE User Load (0.0ms)[0m  [1m[34mSELECT  "users".* FROM "users" LIMIT $1[0m  [["LIMIT", 1]]
  ↳ app/controllers/application_controller.rb:5
Completed 200 OK in 19ms (Views: 16.3ms | ActiveRecord: 0.5ms)


Started DELETE "/session" for ::1 at 2019-12-13 09:57:18 -0800
Processing by SessionsController#destroy as HTML
  Parameters: {"authenticity_token"=>"fyqF/SNHZRGyci8f/Qky11346/6iAtgGETSf4UYFv8jxS3osTzkKFQfG0sgRlNmnmr+anDipdgogjIL26ZS9hw=="}
  [1m[36mUser Load (0.4ms)[0m  [1m[34mSELECT  "users".* FROM "users" LIMIT $1[0m  [["LIMIT", 1]]
  ↳ app/controllers/application_controller.rb:5
  [1m[35m (0.1ms)[0m  [1m[35mBEGIN[0m
  ↳ app/models/user.rb:19
  [1m[36mUser Update (0.9ms)[0m  [1m[33mUPDATE "users" SET "session_token" = $1 WHERE "users"."id" = $2[0m  [["session_token", "5srQoBvfbyR7LG1ALPc87g"], ["id", 1]]
  ↳ app/models/user.rb:19
  [1m[35m (0.6ms)[0m  [1m[35mCOMMIT[0m
  ↳ app/models/user.rb:19
Redirected to http://localhost:3000/session/new
Completed 302 Found in 7ms (ActiveRecord: 2.0ms)


Started GET "/session/new" for ::1 at 2019-12-13 09:57:18 -0800
Processing by SessionsController#new as HTML
  Rendering sessions/new.html.erb within layouts/application
  Rendered sessions/new.html.erb within layouts/application (0.7ms)
  [1m[36mUser Load (0.2ms)[0m  [1m[34mSELECT  "users".* FROM "users" LIMIT $1[0m  [["LIMIT", 1]]
  ↳ app/controllers/application_controller.rb:5
Completed 200 OK in 29ms (Views: 27.9ms | ActiveRecord: 0.2ms)


Started GET "/users/new" for ::1 at 2019-12-13 09:57:25 -0800
Processing by UsersController#new as HTML
  Rendering users/new.html.erb within layouts/application
  Rendered users/new.html.erb within layouts/application (0.5ms)
  [1m[36mUser Load (0.2ms)[0m  [1m[34mSELECT  "users".* FROM "users" LIMIT $1[0m  [["LIMIT", 1]]
  ↳ app/controllers/application_controller.rb:5
Completed 200 OK in 23ms (Views: 21.5ms | ActiveRecord: 0.2ms)


Started POST "/users" for ::1 at 2019-12-13 09:57:41 -0800
Processing by UsersController#create as HTML
  Parameters: {"authenticity_token"=>"WVqAJ350/PkJ585bxizcyGcJsxGJYvsPIvgEnpxLBgLXO3/2EgqT/bxTM4wqsTe4oE7CcxPJVQMTQBmJM9oETQ==", "user"=>{"email"=>"user3@user.com", "password"=>"[FILTERED]"}}
  [1m[35m (0.2ms)[0m  [1m[35mBEGIN[0m
  ↳ app/controllers/users_controller.rb:10
  [1m[36mUser Create (0.5ms)[0m  [1m[32mINSERT INTO "users" ("email", "password_digest", "session_token") VALUES ($1, $2, $3) RETURNING "id"[0m  [["email", "user3@user.com"], ["password_digest", "$2a$12$2P2rtb3DM.a7ea4MBrG5l.yJvjAQDL8oDMxhV67CE3p8Z5wDiqo3K"], ["session_token", "9BTv-jDUxqj0ZK5ELpE8JQ"]]
  ↳ app/controllers/users_controller.rb:10
  [1m[35m (1.7ms)[0m  [1m[35mCOMMIT[0m
  ↳ app/controllers/users_controller.rb:10
  [1m[35m (0.2ms)[0m  [1m[35mBEGIN[0m
  ↳ app/models/user.rb:19
  [1m[36mUser Update (0.4ms)[0m  [1m[33mUPDATE "users" SET "session_token" = $1 WHERE "users"."id" = $2[0m  [["session_token", "abSMCb_wz9WeXu8LPlu27w"], ["id", 3]]
  ↳ app/models/user.rb:19
  [1m[35m (0.5ms)[0m  [1m[35mCOMMIT[0m
  ↳ app/models/user.rb:19
Redirected to http://localhost:3000/users/3
Completed 302 Found in 256ms (ActiveRecord: 3.5ms)


Started GET "/users/3" for ::1 at 2019-12-13 09:57:42 -0800
Processing by UsersController#show as HTML
  Parameters: {"id"=>"3"}
  [1m[36mUser Load (0.3ms)[0m  [1m[34mSELECT  "users".* FROM "users" LIMIT $1[0m  [["LIMIT", 1]]
  ↳ app/controllers/application_controller.rb:5
  [1m[36mUser Load (0.4ms)[0m  [1m[34mSELECT  "users".* FROM "users" WHERE "users"."id" = $1 LIMIT $2[0m  [["id", 2], ["LIMIT", 1]]
  ↳ app/controllers/users_controller.rb:19
  Rendering users/show.html.erb within layouts/application
  Rendered users/show.html.erb within layouts/application (0.4ms)
  [1m[36mCACHE User Load (0.0ms)[0m  [1m[34mSELECT  "users".* FROM "users" LIMIT $1[0m  [["LIMIT", 1]]
  ↳ app/controllers/application_controller.rb:5
Completed 200 OK in 23ms (Views: 16.7ms | ActiveRecord: 0.7ms)


Started DELETE "/session" for ::1 at 2019-12-13 09:59:11 -0800
Processing by SessionsController#destroy as HTML
  Parameters: {"authenticity_token"=>"VfkV1m1llR5PtlEjC2jEkafZQ3UCfApZfgEe+pSDr/LbmOoHARv6GvoCrPTn9S/hYJ4yF5jXpFVPuQPtOxKtvQ=="}
  [1m[36mUser Load (0.2ms)[0m  [1m[34mSELECT  "users".* FROM "users" LIMIT $1[0m  [["LIMIT", 1]]
  ↳ app/controllers/application_controller.rb:5
  [1m[35m (0.2ms)[0m  [1m[35mBEGIN[0m
  ↳ app/models/user.rb:19
  [1m[36mUser Update (0.5ms)[0m  [1m[33mUPDATE "users" SET "session_token" = $1 WHERE "users"."id" = $2[0m  [["session_token", "y_I4bQZ3Cc0ze8Lby8jGCQ"], ["id", 2]]
  ↳ app/models/user.rb:19
  [1m[35m (1.3ms)[0m  [1m[35mCOMMIT[0m
  ↳ app/models/user.rb:19
Redirected to http://localhost:3000/session/new
Completed 302 Found in 18ms (ActiveRecord: 8.2ms)


Started GET "/session/new" for ::1 at 2019-12-13 09:59:11 -0800
Processing by SessionsController#new as HTML
  Rendering sessions/new.html.erb within layouts/application
  Rendered sessions/new.html.erb within layouts/application (0.7ms)
  [1m[36mUser Load (0.3ms)[0m  [1m[34mSELECT  "users".* FROM "users" LIMIT $1[0m  [["LIMIT", 1]]
  ↳ app/controllers/application_controller.rb:5
Completed 200 OK in 24ms (Views: 23.6ms | ActiveRecord: 0.3ms)


Started DELETE "/session" for ::1 at 2019-12-13 10:00:22 -0800
Processing by SessionsController#destroy as HTML
  Parameters: {"authenticity_token"=>"3zQDR2IqKsQUY8jOHG64lGxHB1+eWL0icFDHkeSkB4hRVfyWDlRFwKHXNRnw81PkqwB2PQTzEy5B6NqGSzUFxw=="}
  [1m[36mUser Load (0.2ms)[0m  [1m[34mSELECT  "users".* FROM "users" LIMIT $1[0m  [["LIMIT", 1]]
  ↳ app/controllers/application_controller.rb:5
  [1m[35m (0.2ms)[0m  [1m[35mBEGIN[0m
  ↳ app/models/user.rb:19
  [1m[36mUser Update (0.6ms)[0m  [1m[33mUPDATE "users" SET "session_token" = $1 WHERE "users"."id" = $2[0m  [["session_token", "7w8CNUM-d4QTuShcMHN_GQ"], ["id", 1]]
  ↳ app/models/user.rb:19
  [1m[35m (1.0ms)[0m  [1m[35mCOMMIT[0m
  ↳ app/models/user.rb:19
Redirected to http://localhost:3000/session/new
Completed 302 Found in 18ms (ActiveRecord: 6.8ms)


Started GET "/session/new" for ::1 at 2019-12-13 10:00:22 -0800
Processing by SessionsController#new as HTML
  Rendering sessions/new.html.erb within layouts/application
  Rendered sessions/new.html.erb within layouts/application (0.6ms)
  [1m[36mUser Load (0.2ms)[0m  [1m[34mSELECT  "users".* FROM "users" LIMIT $1[0m  [["LIMIT", 1]]
  ↳ app/controllers/application_controller.rb:5
Completed 200 OK in 17ms (Views: 16.2ms | ActiveRecord: 0.2ms)


Started POST "/session" for ::1 at 2019-12-13 10:00:33 -0800
Processing by SessionsController#create as HTML
  Parameters: {"authenticity_token"=>"awdeIRgURWCvbPbHwBsI7H1VMxm92aiYpPdifq47KEjlZqHwdGoqZBrYCxAshuOcuhJCeydyBpSVT39pAaoqBw==", "email"=>"user3@user.com", "password"=>"[FILTERED]"}
  [1m[36mUser Load (0.8ms)[0m  [1m[34mSELECT  "users".* FROM "users" WHERE "users"."email" = $1 LIMIT $2[0m  [["email", "user3@user.com"], ["LIMIT", 1]]
  ↳ app/models/user.rb:8
  [1m[35m (0.2ms)[0m  [1m[35mBEGIN[0m
  ↳ app/models/user.rb:19
  [1m[36mUser Update (0.9ms)[0m  [1m[33mUPDATE "users" SET "session_token" = $1 WHERE "users"."id" = $2[0m  [["session_token", "sxIK_-bn5pR5s6P9d9eXQw"], ["id", 3]]
  ↳ app/models/user.rb:19
  [1m[35m (1.7ms)[0m  [1m[35mCOMMIT[0m
  ↳ app/models/user.rb:19
  [1m[36mUser Load (0.2ms)[0m  [1m[34mSELECT  "users".* FROM "users" LIMIT $1[0m  [["LIMIT", 1]]
  ↳ app/controllers/application_controller.rb:5
Redirected to http://localhost:3000/users/3
Completed 302 Found in 252ms (ActiveRecord: 3.8ms)


Started GET "/users/3" for ::1 at 2019-12-13 10:00:33 -0800
Processing by UsersController#show as HTML
  Parameters: {"id"=>"3"}
  [1m[36mUser Load (0.3ms)[0m  [1m[34mSELECT  "users".* FROM "users" LIMIT $1[0m  [["LIMIT", 1]]
  ↳ app/controllers/application_controller.rb:5
  [1m[36mUser Load (0.4ms)[0m  [1m[34mSELECT  "users".* FROM "users" WHERE "users"."id" = $1 LIMIT $2[0m  [["id", 2], ["LIMIT", 1]]
  ↳ app/controllers/users_controller.rb:19
  Rendering users/show.html.erb within layouts/application
  Rendered users/show.html.erb within layouts/application (0.4ms)
  [1m[36mCACHE User Load (0.0ms)[0m  [1m[34mSELECT  "users".* FROM "users" LIMIT $1[0m  [["LIMIT", 1]]
  ↳ app/controllers/application_controller.rb:5
Completed 200 OK in 19ms (Views: 16.0ms | ActiveRecord: 0.7ms)


Started DELETE "/session" for ::1 at 2019-12-13 10:00:35 -0800
Processing by SessionsController#destroy as HTML
  Parameters: {"authenticity_token"=>"FPK88koPr+yrWlZB8DzgYzOAWeiCU1+AqOyEbbOxR02ak0MjJnHA6B7uq5YcoQsT9Mcoihj48YyZVJl6HCBFAg=="}
  [1m[36mUser Load (0.3ms)[0m  [1m[34mSELECT  "users".* FROM "users" LIMIT $1[0m  [["LIMIT", 1]]
  ↳ app/controllers/application_controller.rb:5
  [1m[35m (0.2ms)[0m  [1m[35mBEGIN[0m
  ↳ app/models/user.rb:19
  [1m[36mUser Update (0.9ms)[0m  [1m[33mUPDATE "users" SET "session_token" = $1 WHERE "users"."id" = $2[0m  [["session_token", "f23YYmfTIELUiI7zt0SfLw"], ["id", 2]]
  ↳ app/models/user.rb:19
  [1m[35m (1.1ms)[0m  [1m[35mCOMMIT[0m
  ↳ app/models/user.rb:19
Redirected to http://localhost:3000/session/new
Completed 302 Found in 9ms (ActiveRecord: 2.6ms)


Started GET "/session/new" for ::1 at 2019-12-13 10:00:35 -0800
Processing by SessionsController#new as HTML
  Rendering sessions/new.html.erb within layouts/application
  Rendered sessions/new.html.erb within layouts/application (0.5ms)
  [1m[36mUser Load (0.2ms)[0m  [1m[34mSELECT  "users".* FROM "users" LIMIT $1[0m  [["LIMIT", 1]]
  ↳ app/controllers/application_controller.rb:5
Completed 200 OK in 19ms (Views: 18.3ms | ActiveRecord: 0.2ms)


Started GET "/users/new" for ::1 at 2019-12-13 10:00:42 -0800
Processing by UsersController#new as HTML
  Rendering users/new.html.erb within layouts/application
  Rendered users/new.html.erb within layouts/application (0.9ms)
  [1m[36mUser Load (2.6ms)[0m  [1m[34mSELECT  "users".* FROM "users" LIMIT $1[0m  [["LIMIT", 1]]
  ↳ app/controllers/application_controller.rb:5
Completed 200 OK in 30ms (Views: 26.8ms | ActiveRecord: 2.6ms)


Started POST "/users" for ::1 at 2019-12-13 10:00:56 -0800
Processing by UsersController#create as HTML
  Parameters: {"authenticity_token"=>"LqHhyXSGE2AEYrXJaBCmmniazfvy2v2vBNXQ874I5rWgwB4YGPh8ZLHWSB6EjU3qv928mWhxU6M1bc3kEZnk+g==", "user"=>{"email"=>"user4@user.com", "password"=>"[FILTERED]"}}
  [1m[35m (0.2ms)[0m  [1m[35mBEGIN[0m
  ↳ app/controllers/users_controller.rb:10
  [1m[36mUser Create (0.4ms)[0m  [1m[32mINSERT INTO "users" ("email", "password_digest", "session_token") VALUES ($1, $2, $3) RETURNING "id"[0m  [["email", "user4@user.com"], ["password_digest", "$2a$12$O2ums00rQywPIxPTwU9SpOI1QQ6XVqlz4nUCc93Xr48vFT0ELMknq"], ["session_token", "5T1T8geHzziaDsbpMASbIQ"]]
  ↳ app/controllers/users_controller.rb:10
  [1m[35m (1.8ms)[0m  [1m[35mCOMMIT[0m
  ↳ app/controllers/users_controller.rb:10
  [1m[35m (0.2ms)[0m  [1m[35mBEGIN[0m
  ↳ app/models/user.rb:19
  [1m[36mUser Update (1.5ms)[0m  [1m[33mUPDATE "users" SET "session_token" = $1 WHERE "users"."id" = $2[0m  [["session_token", "6Iv4Bd3lH3Z6glQAyjtnpQ"], ["id", 4]]
  ↳ app/models/user.rb:19
  [1m[35m (1.9ms)[0m  [1m[35mCOMMIT[0m
  ↳ app/models/user.rb:19
  [1m[36mUser Load (0.2ms)[0m  [1m[34mSELECT  "users".* FROM "users" LIMIT $1[0m  [["LIMIT", 1]]
  ↳ app/controllers/application_controller.rb:5
  [1m[36mCACHE User Load (0.0ms)[0m  [1m[34mSELECT  "users".* FROM "users" LIMIT $1[0m  [["LIMIT", 1]]
  ↳ app/controllers/application_controller.rb:5
Redirected to http://localhost:3000/users/1
Completed 302 Found in 248ms (ActiveRecord: 6.2ms)


Started GET "/users/1" for ::1 at 2019-12-13 10:00:56 -0800
Processing by UsersController#show as HTML
  Parameters: {"id"=>"1"}
  [1m[36mUser Load (0.2ms)[0m  [1m[34mSELECT  "users".* FROM "users" LIMIT $1[0m  [["LIMIT", 1]]
  ↳ app/controllers/application_controller.rb:5
  [1m[36mUser Load (0.2ms)[0m  [1m[34mSELECT  "users".* FROM "users" WHERE "users"."id" = $1 LIMIT $2[0m  [["id", 1], ["LIMIT", 1]]
  ↳ app/controllers/users_controller.rb:19
  Rendering users/show.html.erb within layouts/application
  Rendered users/show.html.erb within layouts/application (0.3ms)
  [1m[36mCACHE User Load (0.0ms)[0m  [1m[34mSELECT  "users".* FROM "users" LIMIT $1[0m  [["LIMIT", 1]]
  ↳ app/controllers/application_controller.rb:5
Completed 200 OK in 19ms (Views: 17.2ms | ActiveRecord: 0.5ms)


Started GET "/users/1" for ::1 at 2019-12-13 10:03:27 -0800
Processing by UsersController#show as HTML
  Parameters: {"id"=>"1"}
  [1m[36mUser Load (0.2ms)[0m  [1m[34mSELECT  "users".* FROM "users" LIMIT $1[0m  [["LIMIT", 1]]
  ↳ app/controllers/application_controller.rb:5
  [1m[36mUser Load (0.2ms)[0m  [1m[34mSELECT  "users".* FROM "users" WHERE "users"."id" = $1 LIMIT $2[0m  [["id", 1], ["LIMIT", 1]]
  ↳ app/controllers/users_controller.rb:19
  Rendering users/show.html.erb within layouts/application
  Rendered users/show.html.erb within layouts/application (0.7ms)
  [1m[36mCACHE User Load (0.0ms)[0m  [1m[34mSELECT  "users".* FROM "users" LIMIT $1[0m  [["LIMIT", 1]]
  ↳ app/controllers/application_controller.rb:5
Completed 200 OK in 23ms (Views: 21.0ms | ActiveRecord: 0.4ms)


Started DELETE "/session" for ::1 at 2019-12-13 10:03:29 -0800
Processing by SessionsController#destroy as HTML
  Parameters: {"authenticity_token"=>"Q8CfjfsMNq0tfBh5p06KSh2xAfvijsy4P1sUYcfeQRDNoWBcl3JZqZjI5a5L02E62vZwmXglYrQO4wl2aE9DXw=="}
  [1m[36mUser Load (1.1ms)[0m  [1m[34mSELECT  "users".* FROM "users" LIMIT $1[0m  [["LIMIT", 1]]
  ↳ app/controllers/application_controller.rb:5
  [1m[35m (0.1ms)[0m  [1m[35mBEGIN[0m
  ↳ app/models/user.rb:19
  [1m[36mUser Update (0.5ms)[0m  [1m[33mUPDATE "users" SET "session_token" = $1 WHERE "users"."id" = $2[0m  [["session_token", "tD-GNylfDiKad1zeUJbqJA"], ["id", 1]]
  ↳ app/models/user.rb:19
  [1m[35m (0.4ms)[0m  [1m[35mCOMMIT[0m
  ↳ app/models/user.rb:19
Redirected to http://localhost:3000/session/new
Completed 302 Found in 7ms (ActiveRecord: 2.3ms)


Started GET "/session/new" for ::1 at 2019-12-13 10:03:29 -0800
Processing by SessionsController#new as HTML
  Rendering sessions/new.html.erb within layouts/application
  Rendered sessions/new.html.erb within layouts/application (0.8ms)
  [1m[36mUser Load (0.3ms)[0m  [1m[34mSELECT  "users".* FROM "users" LIMIT $1[0m  [["LIMIT", 1]]
  ↳ app/controllers/application_controller.rb:5
Completed 200 OK in 22ms (Views: 21.1ms | ActiveRecord: 0.3ms)


Started GET "/session/new" for ::1 at 2019-12-13 10:57:03 -0800
  [1m[35m (0.8ms)[0m  [1m[34mSELECT "schema_migrations"."version" FROM "schema_migrations" ORDER BY "schema_migrations"."version" ASC[0m
  ↳ /Users/ortiz-garcia/.rbenv/versions/2.5.1/lib/ruby/gems/2.5.0/gems/activerecord-5.2.4/lib/active_record/log_subscriber.rb:98
  
SyntaxError (/Users/ortiz-garcia/Desktop/app-academy/W9D5/music_app/app/controllers/application_controller.rb:22: syntax error, unexpected keyword_end, expecting end-of-input):
  
app/controllers/application_controller.rb:22: syntax error, unexpected keyword_end, expecting end-of-input
app/controllers/sessions_controller.rb:1:in `<top (required)>'
Started GET "/session/new" for ::1 at 2019-12-13 10:58:35 -0800
  
SyntaxError (/Users/ortiz-garcia/Desktop/app-academy/W9D5/music_app/app/controllers/application_controller.rb:22: syntax error, unexpected keyword_end, expecting end-of-input):
  
app/controllers/application_controller.rb:22: syntax error, unexpected keyword_end, expecting end-of-input
app/controllers/sessions_controller.rb:1:in `<top (required)>'
Started GET "/session/new" for ::1 at 2019-12-13 10:59:18 -0800
Processing by SessionsController#new as HTML
  Rendering sessions/new.html.erb within layouts/application
  Rendered sessions/new.html.erb within layouts/application (0.6ms)
Completed 200 OK in 206ms (Views: 205.0ms | ActiveRecord: 0.0ms)


Started GET "/users/new" for ::1 at 2019-12-13 10:59:24 -0800
Processing by UsersController#new as HTML
  Rendering users/new.html.erb within layouts/application
  Rendered users/new.html.erb within layouts/application (0.5ms)
Completed 200 OK in 29ms (Views: 15.8ms | ActiveRecord: 6.4ms)


Started POST "/users" for ::1 at 2019-12-13 10:59:49 -0800
Processing by UsersController#create as HTML
  Parameters: {"authenticity_token"=>"ofk/4Uiz80Vx+5XXEmK7qFylob/NizzBba/QDhLowxEvmMAwJM2cQcRPaAD+/1DYm+LQ3Vcgks1cF80ZvXnBXg==", "user"=>{"email"=>"user10@user.com", "password"=>"[FILTERED]"}}
  [1m[35m (0.2ms)[0m  [1m[35mBEGIN[0m
  ↳ app/controllers/users_controller.rb:10
  [1m[36mUser Exists (0.7ms)[0m  [1m[34mSELECT  1 AS one FROM "users" WHERE "users"."email" = $1 LIMIT $2[0m  [["email", "user10@user.com"], ["LIMIT", 1]]
  ↳ app/controllers/users_controller.rb:10
  [1m[36mUser Create (2.6ms)[0m  [1m[32mINSERT INTO "users" ("email", "password_digest", "session_token") VALUES ($1, $2, $3) RETURNING "id"[0m  [["email", "user10@user.com"], ["password_digest", "$2a$12$Iog5RBft2w3Wzc0iUfCYs.vKUjpBX637iWXLZT9bBbifthS2opSQi"], ["session_token", "LztnmikQGU1aRRv_cZ8cBg"]]
  ↳ app/controllers/users_controller.rb:10
  [1m[35m (7.2ms)[0m  [1m[35mCOMMIT[0m
  ↳ app/controllers/users_controller.rb:10
  [1m[35m (0.2ms)[0m  [1m[35mBEGIN[0m
  ↳ app/models/user.rb:21
  [1m[36mUser Exists (0.5ms)[0m  [1m[34mSELECT  1 AS one FROM "users" WHERE "users"."email" = $1 AND "users"."id" != $2 LIMIT $3[0m  [["email", "user10@user.com"], ["id", 5], ["LIMIT", 1]]
  ↳ app/models/user.rb:21
  [1m[36mUser Update (0.4ms)[0m  [1m[33mUPDATE "users" SET "session_token" = $1 WHERE "users"."id" = $2[0m  [["session_token", "INwEWdj2Zd35F-z4-dlobg"], ["id", 5]]
  ↳ app/models/user.rb:21
  [1m[35m (0.5ms)[0m  [1m[35mCOMMIT[0m
  ↳ app/models/user.rb:21
  [1m[36mUser Load (0.4ms)[0m  [1m[34mSELECT  "users".* FROM "users" WHERE "users"."session_token" = $1 LIMIT $2[0m  [["session_token", "INwEWdj2Zd35F-z4-dlobg"], ["LIMIT", 1]]
  ↳ app/controllers/application_controller.rb:6
Redirected to http://localhost:3000/users/5
Completed 302 Found in 257ms (ActiveRecord: 12.9ms)


Started GET "/users/5" for ::1 at 2019-12-13 10:59:50 -0800
Processing by UsersController#show as HTML
  Parameters: {"id"=>"5"}
  [1m[36mUser Load (0.3ms)[0m  [1m[34mSELECT  "users".* FROM "users" WHERE "users"."session_token" = $1 LIMIT $2[0m  [["session_token", "INwEWdj2Zd35F-z4-dlobg"], ["LIMIT", 1]]
  ↳ app/controllers/application_controller.rb:6
  [1m[36mUser Load (0.2ms)[0m  [1m[34mSELECT  "users".* FROM "users" WHERE "users"."id" = $1 LIMIT $2[0m  [["id", 5], ["LIMIT", 1]]
  ↳ app/controllers/users_controller.rb:19
  Rendering users/show.html.erb within layouts/application
  Rendered users/show.html.erb within layouts/application (0.4ms)
Completed 200 OK in 17ms (Views: 14.2ms | ActiveRecord: 0.5ms)


Started DELETE "/session" for ::1 at 2019-12-13 10:59:56 -0800
Processing by SessionsController#destroy as HTML
  Parameters: {"authenticity_token"=>"hwW7uvjuIMr1HWzG34bpS3kNhp9U+e5Thsnxy3i0SQMJZERrlJBPzkCpkREzGwI7vkr3/c5SQF+3cezc1yVLTA=="}
  [1m[36mUser Load (0.7ms)[0m  [1m[34mSELECT  "users".* FROM "users" WHERE "users"."session_token" = $1 LIMIT $2[0m  [["session_token", "INwEWdj2Zd35F-z4-dlobg"], ["LIMIT", 1]]
  ↳ app/controllers/application_controller.rb:6
  [1m[35m (0.4ms)[0m  [1m[35mBEGIN[0m
  ↳ app/models/user.rb:21
  [1m[36mUser Exists (0.8ms)[0m  [1m[34mSELECT  1 AS one FROM "users" WHERE "users"."email" = $1 AND "users"."id" != $2 LIMIT $3[0m  [["email", "user10@user.com"], ["id", 5], ["LIMIT", 1]]
  ↳ app/models/user.rb:21
  [1m[36mUser Update (0.6ms)[0m  [1m[33mUPDATE "users" SET "session_token" = $1 WHERE "users"."id" = $2[0m  [["session_token", "TOjHCtOQyHWF5mxrc3Vc1A"], ["id", 5]]
  ↳ app/models/user.rb:21
  [1m[35m (2.4ms)[0m  [1m[35mCOMMIT[0m
  ↳ app/models/user.rb:21
Redirected to http://localhost:3000/session/new
Completed 302 Found in 11ms (ActiveRecord: 5.0ms)


Started GET "/session/new" for ::1 at 2019-12-13 10:59:56 -0800
Processing by SessionsController#new as HTML
  Rendering sessions/new.html.erb within layouts/application
  Rendered sessions/new.html.erb within layouts/application (0.5ms)
Completed 200 OK in 17ms (Views: 16.6ms | ActiveRecord: 0.0ms)


Started GET "/session/new" for ::1 at 2019-12-13 10:59:57 -0800
Processing by SessionsController#new as HTML
  Rendering sessions/new.html.erb within layouts/application
  Rendered sessions/new.html.erb within layouts/application (0.6ms)
Completed 200 OK in 20ms (Views: 19.1ms | ActiveRecord: 0.0ms)


  [1m[35m (0.2ms)[0m  [1m[34mSELECT pg_try_advisory_lock(4505726345591715405)[0m
  ↳ bin/rails:9
  [1m[35m (1.7ms)[0m  [1m[34mSELECT "schema_migrations"."version" FROM "schema_migrations" ORDER BY "schema_migrations"."version" ASC[0m
  ↳ bin/rails:9
Migrating to CreateBands (20191213191753)
  [1m[35m (0.1ms)[0m  [1m[35mBEGIN[0m
  ↳ bin/rails:9
  [1m[35m (10.4ms)[0m  [1m[35mCREATE TABLE "bands" ("id" bigserial primary key, "name" character varying NOT NULL, "created_at" timestamp NOT NULL, "updated_at" timestamp NOT NULL)[0m
  ↳ db/migrate/20191213191753_create_bands.rb:3
  [1m[36mActiveRecord::SchemaMigration Create (0.5ms)[0m  [1m[32mINSERT INTO "schema_migrations" ("version") VALUES ($1) RETURNING "version"[0m  [["version", "20191213191753"]]
  ↳ bin/rails:9
  [1m[35m (0.7ms)[0m  [1m[35mCOMMIT[0m
  ↳ bin/rails:9
  [1m[36mActiveRecord::InternalMetadata Load (1.3ms)[0m  [1m[34mSELECT  "ar_internal_metadata".* FROM "ar_internal_metadata" WHERE "ar_internal_metadata"."key" = $1 LIMIT $2[0m  [["key", "environment"], ["LIMIT", 1]]
  ↳ bin/rails:9
  [1m[35m (0.4ms)[0m  [1m[35mBEGIN[0m
  ↳ bin/rails:9
  [1m[35m (0.2ms)[0m  [1m[35mCOMMIT[0m
  ↳ bin/rails:9
  [1m[35m (0.5ms)[0m  [1m[34mSELECT pg_advisory_unlock(4505726345591715405)[0m
  ↳ bin/rails:9
  [1m[35m (0.3ms)[0m  [1m[34mSELECT "schema_migrations"."version" FROM "schema_migrations" ORDER BY "schema_migrations"."version" ASC[0m
  ↳ bin/rails:9
Started GET "/bands" for ::1 at 2019-12-13 11:25:10 -0800
  [1m[35m (0.8ms)[0m  [1m[34mSELECT "schema_migrations"."version" FROM "schema_migrations" ORDER BY "schema_migrations"."version" ASC[0m
  ↳ /Users/ortiz-garcia/.rbenv/versions/2.5.1/lib/ruby/gems/2.5.0/gems/activerecord-5.2.4/lib/active_record/log_subscriber.rb:98
Processing by BandsController#index as HTML
Completed 500 Internal Server Error in 15ms (ActiveRecord: 0.0ms)


  
ActionView::MissingTemplate (Missing template bands/index, application/index with {:locale=>[:en], :formats=>[:html], :variants=>[], :handlers=>[:raw, :erb, :html, :builder, :ruby, :coffee, :jbuilder]}. Searched in:
  * "/Users/ortiz-garcia/Desktop/app-academy/W9D5/music_app/app/views"
):
  
app/controllers/bands_controller.rb:4:in `index'
Started GET "/bands" for ::1 at 2019-12-13 11:44:21 -0800
Processing by BandsController#index as HTML
  Rendering bands/index.html.erb within layouts/application
  Rendered bands/index.html.erb within layouts/application (7.2ms)
Completed 500 Internal Server Error in 15ms (ActiveRecord: 0.0ms)


  
ActionView::Template::Error (You need to supply at least one validation):
    1: <h1>Bands</h1>
    2: 
    3: <ul>
    4:     <% Band.all.each do |band| %>
    5:         <li><%= band.name %></li>
    6:     <% end %>
    7: </ul>
  
app/models/band.rb:2:in `<class:Band>'
app/models/band.rb:1:in `<top (required)>'
app/views/bands/index.html.erb:4:in `_app_views_bands_index_html_erb__3717487978198608220_70222369822600'
app/controllers/bands_controller.rb:4:in `index'
Started GET "/bands" for ::1 at 2019-12-13 11:45:39 -0800
Processing by BandsController#index as HTML
  Rendering bands/index.html.erb within layouts/application
  [1m[36mBand Load (7.3ms)[0m  [1m[34mSELECT "bands".* FROM "bands"[0m
  ↳ app/views/bands/index.html.erb:4
  Rendered bands/index.html.erb within layouts/application (16.6ms)
Completed 200 OK in 290ms (Views: 277.9ms | ActiveRecord: 12.1ms)


Started GET "/bands/new" for ::1 at 2019-12-13 11:45:43 -0800
Processing by BandsController#new as HTML
  Rendering bands/new.html.erb within layouts/application
  Rendered bands/new.html.erb within layouts/application (0.6ms)
Completed 200 OK in 51ms (Views: 22.5ms | ActiveRecord: 23.9ms)


Started POST "/bands" for ::1 at 2019-12-13 11:46:33 -0800
Processing by BandsController#create as HTML
  Parameters: {"authenticity_token"=>"1+mm3kT5eEaZMCCkRDkNd6dJJyRMCt0VMdzX7GoKEkBZiFkPKIcXQiyE3XOopOYHYA5WRtahcxkAZMr7xZsQDw==", "band"=>{"name"=>"Coldplay"}}
Completed 500 Internal Server Error in 154ms (ActiveRecord: 0.0ms)


  
NameError (undefined local variable or method `band_params' for #<BandsController:0x00007fbbdacc14b8>
Did you mean?  band_path):
  
app/controllers/bands_controller.rb:8:in `create'
Started POST "/bands" for ::1 at 2019-12-13 11:47:13 -0800
Processing by BandsController#create as HTML
  Parameters: {"authenticity_token"=>"VSX1i/ohq9BsyRITqUdXrKDagho5ySUS9kwZy3fpbQvbRApall/E1Nl978RF2rzcZ53zeKNiix7H9ATc2HhvRA==", "band"=>{"name"=>"Coldplay"}}
  [1m[35m (0.2ms)[0m  [1m[35mBEGIN[0m
  ↳ app/controllers/bands_controller.rb:9
  [1m[36mBand Create (3.0ms)[0m  [1m[32mINSERT INTO "bands" ("name", "created_at", "updated_at") VALUES ($1, $2, $3) RETURNING "id"[0m  [["name", "Coldplay"], ["created_at", "2019-12-13 19:47:13.544664"], ["updated_at", "2019-12-13 19:47:13.544664"]]
  ↳ app/controllers/bands_controller.rb:9
  [1m[35m (2.7ms)[0m  [1m[35mCOMMIT[0m
  ↳ app/controllers/bands_controller.rb:9
Redirected to http://localhost:3000/bands/1
Completed 302 Found in 25ms (ActiveRecord: 15.5ms)


Started GET "/bands/1" for ::1 at 2019-12-13 11:47:13 -0800
Processing by BandsController#show as HTML
  Parameters: {"id"=>"1"}
  [1m[36mBand Load (0.2ms)[0m  [1m[34mSELECT  "bands".* FROM "bands" WHERE "bands"."id" = $1 LIMIT $2[0m  [["id", 1], ["LIMIT", 1]]
  ↳ app/controllers/bands_controller.rb:27
  Rendering bands/show.html.erb within layouts/application
  Rendered bands/show.html.erb within layouts/application (1.0ms)
Completed 200 OK in 32ms (Views: 28.6ms | ActiveRecord: 0.4ms)


Started GET "/bands/1" for ::1 at 2019-12-13 11:47:51 -0800
Processing by BandsController#show as HTML
  Parameters: {"id"=>"1"}
  [1m[36mBand Load (0.8ms)[0m  [1m[34mSELECT  "bands".* FROM "bands" WHERE "bands"."id" = $1 LIMIT $2[0m  [["id", 1], ["LIMIT", 1]]
  ↳ app/controllers/bands_controller.rb:27
  Rendering bands/show.html.erb within layouts/application
  Rendered bands/show.html.erb within layouts/application (0.4ms)
Completed 200 OK in 25ms (Views: 23.2ms | ActiveRecord: 0.8ms)


Started GET "/bands" for ::1 at 2019-12-13 11:47:53 -0800
Processing by BandsController#index as HTML
  Rendering bands/index.html.erb within layouts/application
  [1m[36mBand Load (8.8ms)[0m  [1m[34mSELECT "bands".* FROM "bands"[0m
  ↳ app/views/bands/index.html.erb:4
  Rendered bands/index.html.erb within layouts/application (10.5ms)
Completed 200 OK in 46ms (Views: 36.7ms | ActiveRecord: 8.8ms)


Started GET "/bands" for ::1 at 2019-12-13 11:48:49 -0800
Processing by BandsController#index as HTML
  Rendering bands/index.html.erb within layouts/application
  [1m[36mBand Load (0.3ms)[0m  [1m[34mSELECT "bands".* FROM "bands"[0m
  ↳ app/views/bands/index.html.erb:4
  Rendered bands/index.html.erb within layouts/application (2.2ms)
Completed 200 OK in 33ms (Views: 32.1ms | ActiveRecord: 0.3ms)


Started GET "/bands/1" for ::1 at 2019-12-13 11:48:50 -0800
Processing by BandsController#show as HTML
  Parameters: {"id"=>"1"}
  [1m[36mBand Load (10.5ms)[0m  [1m[34mSELECT  "bands".* FROM "bands" WHERE "bands"."id" = $1 LIMIT $2[0m  [["id", 1], ["LIMIT", 1]]
  ↳ app/controllers/bands_controller.rb:27
  Rendering bands/show.html.erb within layouts/application
  Rendered bands/show.html.erb within layouts/application (0.5ms)
Completed 200 OK in 44ms (Views: 27.8ms | ActiveRecord: 10.5ms)


Started GET "/bands" for ::1 at 2019-12-13 11:48:51 -0800
Processing by BandsController#index as HTML
  Rendering bands/index.html.erb within layouts/application
  [1m[36mBand Load (1.4ms)[0m  [1m[34mSELECT "bands".* FROM "bands"[0m
  ↳ app/views/bands/index.html.erb:4
  Rendered bands/index.html.erb within layouts/application (4.0ms)
Completed 200 OK in 39ms (Views: 35.3ms | ActiveRecord: 1.4ms)


Started GET "/bands" for ::1 at 2019-12-13 12:32:30 -0800
  [1m[35m (0.8ms)[0m  [1m[34mSELECT "schema_migrations"."version" FROM "schema_migrations" ORDER BY "schema_migrations"."version" ASC[0m
  ↳ /Users/ortiz-garcia/.rbenv/versions/2.5.1/lib/ruby/gems/2.5.0/gems/activerecord-5.2.4/lib/active_record/log_subscriber.rb:98
Processing by BandsController#index as HTML
  Rendering bands/index.html.erb within layouts/application
  [1m[36mBand Load (0.6ms)[0m  [1m[34mSELECT "bands".* FROM "bands"[0m
  ↳ app/views/bands/index.html.erb:4
  Rendered bands/index.html.erb within layouts/application (15.7ms)
Completed 200 OK in 246ms (Views: 234.8ms | ActiveRecord: 6.0ms)


Started GET "/bands/new" for ::1 at 2019-12-13 12:32:34 -0800
Processing by BandsController#new as HTML
  Rendering bands/new.html.erb within layouts/application
  Rendered bands/new.html.erb within layouts/application (0.8ms)
Completed 200 OK in 23ms (Views: 21.2ms | ActiveRecord: 0.0ms)


Started GET "/bands/new" for ::1 at 2019-12-13 12:32:58 -0800
Processing by BandsController#new as HTML
  Rendering bands/new.html.erb within layouts/application
  Rendered bands/new.html.erb within layouts/application (5.8ms)
Completed 500 Internal Server Error in 11ms (ActiveRecord: 0.0ms)


  
ActionView::Template::Error (undefined method `name' for nil:NilClass):
    3: <form action="<%= bands_url %>" method="POST">
    4:     <%= form_auth %>
    5:     <label for="band-name">Name</label>
    6:     <input type="text" id="band-name" name="band[name]" value=<%= @band.name %>/>
    7: 
    8:     <input type="submit" value="Submit"/>
    9: </form>
  
app/views/bands/new.html.erb:6:in `_app_views_bands_new_html_erb__2099572650400462373_70130184818860'
app/controllers/bands_controller.rb:17:in `new'
Started GET "/bands" for ::1 at 2019-12-13 12:33:22 -0800
Processing by BandsController#index as HTML
  Rendering bands/index.html.erb within layouts/application
  [1m[36mBand Load (0.4ms)[0m  [1m[34mSELECT "bands".* FROM "bands"[0m
  ↳ app/views/bands/index.html.erb:4
  Rendered bands/index.html.erb within layouts/application (14.0ms)
Completed 200 OK in 38ms (Views: 31.4ms | ActiveRecord: 6.1ms)


Started GET "/bands/new" for ::1 at 2019-12-13 12:33:23 -0800
Processing by BandsController#new as HTML
  Rendering bands/new.html.erb within layouts/application
  Rendered bands/new.html.erb within layouts/application (0.8ms)
Completed 200 OK in 30ms (Views: 29.5ms | ActiveRecord: 0.0ms)


Started POST "/bands" for ::1 at 2019-12-13 12:33:27 -0800
Processing by BandsController#create as HTML
  Parameters: {"authenticity_token"=>"k29akkpBi2e3r2YVvvWtSRGatPt/L6eo7miJM2a73M4dDqVDJj/kYwIbm8JSaEY51t3FmeWECaTf0JQkySregQ==", "band"=>{"name"=>"U2"}}
  [1m[35m (2.2ms)[0m  [1m[35mBEGIN[0m
  ↳ app/controllers/bands_controller.rb:9
  [1m[36mBand Create (1.9ms)[0m  [1m[32mINSERT INTO "bands" ("name", "created_at", "updated_at") VALUES ($1, $2, $3) RETURNING "id"[0m  [["name", "U2"], ["created_at", "2019-12-13 20:33:27.697217"], ["updated_at", "2019-12-13 20:33:27.697217"]]
  ↳ app/controllers/bands_controller.rb:9
  [1m[35m (6.9ms)[0m  [1m[35mCOMMIT[0m
  ↳ app/controllers/bands_controller.rb:9
Redirected to http://localhost:3000/bands/2
Completed 302 Found in 17ms (ActiveRecord: 10.9ms)


Started GET "/bands/2" for ::1 at 2019-12-13 12:33:27 -0800
Processing by BandsController#show as HTML
  Parameters: {"id"=>"2"}
  [1m[36mBand Load (0.3ms)[0m  [1m[34mSELECT  "bands".* FROM "bands" WHERE "bands"."id" = $1 LIMIT $2[0m  [["id", 2], ["LIMIT", 1]]
  ↳ app/controllers/bands_controller.rb:26
  Rendering bands/show.html.erb within layouts/application
  Rendered bands/show.html.erb within layouts/application (0.6ms)
Completed 200 OK in 20ms (Views: 14.8ms | ActiveRecord: 0.5ms)


Started GET "/bands" for ::1 at 2019-12-13 12:33:30 -0800
Processing by BandsController#index as HTML
  Rendering bands/index.html.erb within layouts/application
  [1m[36mBand Load (2.6ms)[0m  [1m[34mSELECT "bands".* FROM "bands"[0m
  ↳ app/views/bands/index.html.erb:4
  Rendered bands/index.html.erb within layouts/application (4.3ms)
Completed 200 OK in 27ms (Views: 23.8ms | ActiveRecord: 2.6ms)


Started GET "/bands/1" for ::1 at 2019-12-13 12:33:32 -0800
Processing by BandsController#show as HTML
  Parameters: {"id"=>"1"}
  [1m[36mBand Load (1.9ms)[0m  [1m[34mSELECT  "bands".* FROM "bands" WHERE "bands"."id" = $1 LIMIT $2[0m  [["id", 1], ["LIMIT", 1]]
  ↳ app/controllers/bands_controller.rb:26
  Rendering bands/show.html.erb within layouts/application
  Rendered bands/show.html.erb within layouts/application (1.2ms)
Completed 200 OK in 24ms (Views: 20.1ms | ActiveRecord: 1.9ms)


Started DELETE "/bands" for ::1 at 2019-12-13 12:33:34 -0800
  
ActionController::RoutingError (No route matches [DELETE] "/bands"):
  
actionpack (5.2.4) lib/action_dispatch/middleware/debug_exceptions.rb:65:in `call'
web-console (3.7.0) lib/web_console/middleware.rb:135:in `call_app'
web-console (3.7.0) lib/web_console/middleware.rb:30:in `block in call'
web-console (3.7.0) lib/web_console/middleware.rb:20:in `catch'
web-console (3.7.0) lib/web_console/middleware.rb:20:in `call'
actionpack (5.2.4) lib/action_dispatch/middleware/show_exceptions.rb:33:in `call'
railties (5.2.4) lib/rails/rack/logger.rb:38:in `call_app'
railties (5.2.4) lib/rails/rack/logger.rb:26:in `block in call'
activesupport (5.2.4) lib/active_support/tagged_logging.rb:71:in `block in tagged'
activesupport (5.2.4) lib/active_support/tagged_logging.rb:28:in `tagged'
activesupport (5.2.4) lib/active_support/tagged_logging.rb:71:in `tagged'
railties (5.2.4) lib/rails/rack/logger.rb:26:in `call'
sprockets-rails (3.2.1) lib/sprockets/rails/quiet_assets.rb:13:in `call'
actionpack (5.2.4) lib/action_dispatch/middleware/remote_ip.rb:81:in `call'
actionpack (5.2.4) lib/action_dispatch/middleware/request_id.rb:27:in `call'
rack (2.0.7) lib/rack/method_override.rb:22:in `call'
rack (2.0.7) lib/rack/runtime.rb:22:in `call'
activesupport (5.2.4) lib/active_support/cache/strategy/local_cache_middleware.rb:29:in `call'
actionpack (5.2.4) lib/action_dispatch/middleware/executor.rb:14:in `call'
actionpack (5.2.4) lib/action_dispatch/middleware/static.rb:127:in `call'
rack (2.0.7) lib/rack/sendfile.rb:111:in `call'
railties (5.2.4) lib/rails/engine.rb:524:in `call'
puma (3.12.2) lib/puma/configuration.rb:227:in `call'
puma (3.12.2) lib/puma/server.rb:674:in `handle_request'
puma (3.12.2) lib/puma/server.rb:476:in `process_client'
puma (3.12.2) lib/puma/server.rb:334:in `block in run'
puma (3.12.2) lib/puma/thread_pool.rb:135:in `block in spawn_thread'
Started DELETE "/bands" for ::1 at 2019-12-13 12:34:47 -0800
  
ActionController::RoutingError (No route matches [DELETE] "/bands"):
  
actionpack (5.2.4) lib/action_dispatch/middleware/debug_exceptions.rb:65:in `call'
web-console (3.7.0) lib/web_console/middleware.rb:135:in `call_app'
web-console (3.7.0) lib/web_console/middleware.rb:30:in `block in call'
web-console (3.7.0) lib/web_console/middleware.rb:20:in `catch'
web-console (3.7.0) lib/web_console/middleware.rb:20:in `call'
actionpack (5.2.4) lib/action_dispatch/middleware/show_exceptions.rb:33:in `call'
railties (5.2.4) lib/rails/rack/logger.rb:38:in `call_app'
railties (5.2.4) lib/rails/rack/logger.rb:26:in `block in call'
activesupport (5.2.4) lib/active_support/tagged_logging.rb:71:in `block in tagged'
activesupport (5.2.4) lib/active_support/tagged_logging.rb:28:in `tagged'
activesupport (5.2.4) lib/active_support/tagged_logging.rb:71:in `tagged'
railties (5.2.4) lib/rails/rack/logger.rb:26:in `call'
sprockets-rails (3.2.1) lib/sprockets/rails/quiet_assets.rb:13:in `call'
actionpack (5.2.4) lib/action_dispatch/middleware/remote_ip.rb:81:in `call'
actionpack (5.2.4) lib/action_dispatch/middleware/request_id.rb:27:in `call'
rack (2.0.7) lib/rack/method_override.rb:22:in `call'
rack (2.0.7) lib/rack/runtime.rb:22:in `call'
activesupport (5.2.4) lib/active_support/cache/strategy/local_cache_middleware.rb:29:in `call'
actionpack (5.2.4) lib/action_dispatch/middleware/executor.rb:14:in `call'
actionpack (5.2.4) lib/action_dispatch/middleware/static.rb:127:in `call'
rack (2.0.7) lib/rack/sendfile.rb:111:in `call'
railties (5.2.4) lib/rails/engine.rb:524:in `call'
puma (3.12.2) lib/puma/configuration.rb:227:in `call'
puma (3.12.2) lib/puma/server.rb:674:in `handle_request'
puma (3.12.2) lib/puma/server.rb:476:in `process_client'
puma (3.12.2) lib/puma/server.rb:334:in `block in run'
puma (3.12.2) lib/puma/thread_pool.rb:135:in `block in spawn_thread'
Started GET "/bands" for ::1 at 2019-12-13 12:35:09 -0800
Processing by BandsController#index as HTML
  Rendering bands/index.html.erb within layouts/application
  [1m[36mBand Load (0.4ms)[0m  [1m[34mSELECT "bands".* FROM "bands"[0m
  ↳ app/views/bands/index.html.erb:4
  Rendered bands/index.html.erb within layouts/application (4.9ms)
Completed 200 OK in 28ms (Views: 26.5ms | ActiveRecord: 0.4ms)


Started GET "/bands/1" for ::1 at 2019-12-13 12:35:10 -0800
Processing by BandsController#show as HTML
  Parameters: {"id"=>"1"}
  [1m[36mBand Load (1.3ms)[0m  [1m[34mSELECT  "bands".* FROM "bands" WHERE "bands"."id" = $1 LIMIT $2[0m  [["id", 1], ["LIMIT", 1]]
  ↳ app/controllers/bands_controller.rb:26
  Rendering bands/show.html.erb within layouts/application
  Rendered bands/show.html.erb within layouts/application (1.0ms)
Completed 200 OK in 26ms (Views: 21.4ms | ActiveRecord: 1.3ms)


Started DELETE "/bands/1" for ::1 at 2019-12-13 12:35:11 -0800
Processing by BandsController#destroy as HTML
  Parameters: {"authenticity_token"=>"d7aq29WBsZW0zIa0sAivECYWuezOJvadVu8CkuC1cAz511UKuf/ekQF4e2NclURg4VHIjlSNWJFnVx+FTyRyQw==", "id"=>"1"}
  [1m[36mBand Load (0.7ms)[0m  [1m[34mSELECT  "bands".* FROM "bands" WHERE "bands"."id" = $1 LIMIT $2[0m  [["id", 1], ["LIMIT", 1]]
  ↳ app/controllers/bands_controller.rb:40
  [1m[35m (1.4ms)[0m  [1m[35mBEGIN[0m
  ↳ app/controllers/bands_controller.rb:41
  [1m[36mBand Destroy (1.9ms)[0m  [1m[31mDELETE FROM "bands" WHERE "bands"."id" = $1[0m  [["id", 1]]
  ↳ app/controllers/bands_controller.rb:41
  [1m[35m (0.4ms)[0m  [1m[35mCOMMIT[0m
  ↳ app/controllers/bands_controller.rb:41
Redirected to http://localhost:3000/bands
Completed 302 Found in 8ms (ActiveRecord: 4.5ms)


Started GET "/bands" for ::1 at 2019-12-13 12:35:11 -0800
Processing by BandsController#index as HTML
  Rendering bands/index.html.erb within layouts/application
  [1m[36mBand Load (0.5ms)[0m  [1m[34mSELECT "bands".* FROM "bands"[0m
  ↳ app/views/bands/index.html.erb:4
  Rendered bands/index.html.erb within layouts/application (2.8ms)
Completed 200 OK in 26ms (Views: 25.4ms | ActiveRecord: 0.5ms)


Started GET "/users/new" for ::1 at 2019-12-13 12:35:20 -0800
Processing by UsersController#new as HTML
  Rendering users/new.html.erb within layouts/application
  Rendered users/new.html.erb within layouts/application (0.5ms)
Completed 200 OK in 27ms (Views: 16.0ms | ActiveRecord: 4.3ms)


Started POST "/users" for ::1 at 2019-12-13 12:35:34 -0800
Processing by UsersController#create as HTML
  Parameters: {"authenticity_token"=>"V1IJuYZbeDoupAFRPT3yxarAulM7cTcer2zeiD0GGRXZM/Zo6iUXPpsQ/IbRoBm1bYfLMaHamRKe1MOfkpcbWg==", "user"=>{"email"=>"user1000@user.com", "password"=>"[FILTERED]"}}
  [1m[35m (0.2ms)[0m  [1m[35mBEGIN[0m
  ↳ app/controllers/users_controller.rb:10
  [1m[36mUser Exists (2.4ms)[0m  [1m[34mSELECT  1 AS one FROM "users" WHERE "users"."email" = $1 LIMIT $2[0m  [["email", "user1000@user.com"], ["LIMIT", 1]]
  ↳ app/controllers/users_controller.rb:10
  [1m[36mUser Create (0.6ms)[0m  [1m[32mINSERT INTO "users" ("email", "password_digest", "session_token") VALUES ($1, $2, $3) RETURNING "id"[0m  [["email", "user1000@user.com"], ["password_digest", "$2a$12$C5u.ZRZmwm1IuO4eKh.9KuFo7q6M5CAu1MxWEstXCq4.wnHlVlxBC"], ["session_token", "bs8_6HVYZFSQNnw7BqutlA"]]
  ↳ app/controllers/users_controller.rb:10
  [1m[35m (0.4ms)[0m  [1m[35mCOMMIT[0m
  ↳ app/controllers/users_controller.rb:10
  [1m[35m (0.1ms)[0m  [1m[35mBEGIN[0m
  ↳ app/models/user.rb:21
  [1m[36mUser Exists (0.5ms)[0m  [1m[34mSELECT  1 AS one FROM "users" WHERE "users"."email" = $1 AND "users"."id" != $2 LIMIT $3[0m  [["email", "user1000@user.com"], ["id", 6], ["LIMIT", 1]]
  ↳ app/models/user.rb:21
  [1m[36mUser Update (1.2ms)[0m  [1m[33mUPDATE "users" SET "session_token" = $1 WHERE "users"."id" = $2[0m  [["session_token", "xhj35lHnMLG4ccUn-UqFmQ"], ["id", 6]]
  ↳ app/models/user.rb:21
  [1m[35m (0.4ms)[0m  [1m[35mCOMMIT[0m
  ↳ app/models/user.rb:21
Redirected to http://localhost:3000/bands
Completed 302 Found in 248ms (ActiveRecord: 5.8ms)


Started GET "/bands" for ::1 at 2019-12-13 12:35:34 -0800
Processing by BandsController#index as HTML
  Rendering bands/index.html.erb within layouts/application
  [1m[36mBand Load (0.3ms)[0m  [1m[34mSELECT "bands".* FROM "bands"[0m
  ↳ app/views/bands/index.html.erb:4
  Rendered bands/index.html.erb within layouts/application (1.8ms)
  [1m[36mUser Load (0.2ms)[0m  [1m[34mSELECT  "users".* FROM "users" WHERE "users"."session_token" = $1 LIMIT $2[0m  [["session_token", "xhj35lHnMLG4ccUn-UqFmQ"], ["LIMIT", 1]]
  ↳ app/controllers/application_controller.rb:6
Completed 200 OK in 19ms (Views: 17.7ms | ActiveRecord: 0.5ms)


Started DELETE "/session" for ::1 at 2019-12-13 12:35:42 -0800
Processing by SessionsController#destroy as HTML
  Parameters: {"authenticity_token"=>"dFeXWbqkTqRQvvbh+x8WuH9MzgB3uUB/iw2rjsbhEgb6NmiI1tohoOUKCzYXgv3IuAu/Yu0S7nO6tbaZaXAQSQ=="}
  [1m[36mUser Load (0.3ms)[0m  [1m[34mSELECT  "users".* FROM "users" WHERE "users"."session_token" = $1 LIMIT $2[0m  [["session_token", "xhj35lHnMLG4ccUn-UqFmQ"], ["LIMIT", 1]]
  ↳ app/controllers/application_controller.rb:6
  [1m[35m (0.1ms)[0m  [1m[35mBEGIN[0m
  ↳ app/models/user.rb:21
  [1m[36mUser Exists (0.4ms)[0m  [1m[34mSELECT  1 AS one FROM "users" WHERE "users"."email" = $1 AND "users"."id" != $2 LIMIT $3[0m  [["email", "user1000@user.com"], ["id", 6], ["LIMIT", 1]]
  ↳ app/models/user.rb:21
  [1m[36mUser Update (0.5ms)[0m  [1m[33mUPDATE "users" SET "session_token" = $1 WHERE "users"."id" = $2[0m  [["session_token", "9Ud7gORKEEPatgAJABLxsQ"], ["id", 6]]
  ↳ app/models/user.rb:21
  [1m[35m (0.6ms)[0m  [1m[35mCOMMIT[0m
  ↳ app/models/user.rb:21
Redirected to http://localhost:3000/session/new
Completed 302 Found in 8ms (ActiveRecord: 1.9ms)


Started GET "/session/new" for ::1 at 2019-12-13 12:35:42 -0800
Processing by SessionsController#new as HTML
  Rendering sessions/new.html.erb within layouts/application
  Rendered sessions/new.html.erb within layouts/application (0.5ms)
Completed 200 OK in 16ms (Views: 15.5ms | ActiveRecord: 0.0ms)


Started DELETE "/session" for ::1 at 2019-12-13 12:36:16 -0800
Processing by SessionsController#destroy as HTML
  Parameters: {"authenticity_token"=>"dFeXWbqkTqRQvvbh+x8WuH9MzgB3uUB/iw2rjsbhEgb6NmiI1tohoOUKCzYXgv3IuAu/Yu0S7nO6tbaZaXAQSQ=="}
Completed 500 Internal Server Error in 2ms (ActiveRecord: 0.0ms)


  
NoMethodError (undefined method `reset_session_token!' for nil:NilClass):
  
app/controllers/application_controller.rb:15:in `logout_user!'
app/controllers/sessions_controller.rb:18:in `destroy'
Started GET "/bands" for ::1 at 2019-12-13 12:36:25 -0800
Processing by BandsController#index as HTML
  Rendering bands/index.html.erb within layouts/application
  [1m[36mBand Load (0.4ms)[0m  [1m[34mSELECT "bands".* FROM "bands"[0m
  ↳ app/views/bands/index.html.erb:4
  Rendered bands/index.html.erb within layouts/application (16.4ms)
Completed 200 OK in 45ms (Views: 39.1ms | ActiveRecord: 5.1ms)


Started GET "/session/new" for ::1 at 2019-12-13 12:36:32 -0800
Processing by SessionsController#new as HTML
  Rendering sessions/new.html.erb within layouts/application
  Rendered sessions/new.html.erb within layouts/application (1.0ms)
Completed 200 OK in 34ms (Views: 33.6ms | ActiveRecord: 0.0ms)


Started POST "/session" for ::1 at 2019-12-13 12:36:42 -0800
Processing by SessionsController#create as HTML
  Parameters: {"authenticity_token"=>"qb6CtODijVdj/LyJ0v9nm+ReWCq5Zu5WnObTRMdy8Nwn331ljJziU9ZIQV4+YozrIxkpSCPNQFqtXs5TaOPykw==", "email"=>"user1000@user.com", "password"=>"[FILTERED]"}
  [1m[36mUser Load (0.3ms)[0m  [1m[34mSELECT  "users".* FROM "users" WHERE "users"."email" = $1 LIMIT $2[0m  [["email", "user1000@user.com"], ["LIMIT", 1]]
  ↳ app/models/user.rb:10
  [1m[35m (0.2ms)[0m  [1m[35mBEGIN[0m
  ↳ app/models/user.rb:21
  [1m[36mUser Exists (0.4ms)[0m  [1m[34mSELECT  1 AS one FROM "users" WHERE "users"."email" = $1 AND "users"."id" != $2 LIMIT $3[0m  [["email", "user1000@user.com"], ["id", 6], ["LIMIT", 1]]
  ↳ app/models/user.rb:21
  [1m[36mUser Update (0.4ms)[0m  [1m[33mUPDATE "users" SET "session_token" = $1 WHERE "users"."id" = $2[0m  [["session_token", "YQC1Aw3y9bonKe0g8PCBJA"], ["id", 6]]
  ↳ app/models/user.rb:21
  [1m[35m (1.6ms)[0m  [1m[35mCOMMIT[0m
  ↳ app/models/user.rb:21
Redirected to http://localhost:3000/bands
Completed 302 Found in 254ms (ActiveRecord: 9.4ms)


Started GET "/bands" for ::1 at 2019-12-13 12:36:43 -0800
Processing by BandsController#index as HTML
  Rendering bands/index.html.erb within layouts/application
  [1m[36mBand Load (0.3ms)[0m  [1m[34mSELECT "bands".* FROM "bands"[0m
  ↳ app/views/bands/index.html.erb:4
  Rendered bands/index.html.erb within layouts/application (1.7ms)
  [1m[36mUser Load (0.3ms)[0m  [1m[34mSELECT  "users".* FROM "users" WHERE "users"."session_token" = $1 LIMIT $2[0m  [["session_token", "YQC1Aw3y9bonKe0g8PCBJA"], ["LIMIT", 1]]
  ↳ app/controllers/application_controller.rb:6
Completed 200 OK in 17ms (Views: 16.0ms | ActiveRecord: 0.6ms)


Started DELETE "/session" for ::1 at 2019-12-13 12:36:45 -0800
Processing by SessionsController#destroy as HTML
  Parameters: {"authenticity_token"=>"71Zeck4UIfJ1wYRnWhIkA5eA+Z1WiJ+jTb/A2xK+GABhN6GjImpO9sB1ebC2j89zUMeI/8wjMa98B93MvS8aTw=="}
  [1m[36mUser Load (0.5ms)[0m  [1m[34mSELECT  "users".* FROM "users" WHERE "users"."session_token" = $1 LIMIT $2[0m  [["session_token", "YQC1Aw3y9bonKe0g8PCBJA"], ["LIMIT", 1]]
  ↳ app/controllers/application_controller.rb:6
  [1m[35m (0.1ms)[0m  [1m[35mBEGIN[0m
  ↳ app/models/user.rb:21
  [1m[36mUser Exists (0.4ms)[0m  [1m[34mSELECT  1 AS one FROM "users" WHERE "users"."email" = $1 AND "users"."id" != $2 LIMIT $3[0m  [["email", "user1000@user.com"], ["id", 6], ["LIMIT", 1]]
  ↳ app/models/user.rb:21
  [1m[36mUser Update (0.4ms)[0m  [1m[33mUPDATE "users" SET "session_token" = $1 WHERE "users"."id" = $2[0m  [["session_token", "LGRyMn46pIIAUNWyuh0spQ"], ["id", 6]]
  ↳ app/models/user.rb:21
  [1m[35m (0.5ms)[0m  [1m[35mCOMMIT[0m
  ↳ app/models/user.rb:21
Redirected to http://localhost:3000/bands
Completed 302 Found in 7ms (ActiveRecord: 1.9ms)


Started GET "/bands" for ::1 at 2019-12-13 12:36:45 -0800
Processing by BandsController#index as HTML
  Rendering bands/index.html.erb within layouts/application
  [1m[36mBand Load (0.3ms)[0m  [1m[34mSELECT "bands".* FROM "bands"[0m
  ↳ app/views/bands/index.html.erb:4
  Rendered bands/index.html.erb within layouts/application (1.6ms)
Completed 200 OK in 21ms (Views: 19.7ms | ActiveRecord: 0.3ms)


Started GET "/bands" for ::1 at 2019-12-13 12:44:02 -0800
Processing by BandsController#index as HTML
  Rendering bands/index.html.erb within layouts/application
  [1m[36mBand Load (0.9ms)[0m  [1m[34mSELECT "bands".* FROM "bands"[0m
  ↳ app/views/bands/index.html.erb:4
  Rendered bands/index.html.erb within layouts/application (16.1ms)
Completed 200 OK in 31ms (Views: 20.5ms | ActiveRecord: 9.7ms)


Started GET "/bands/2" for ::1 at 2019-12-13 12:44:03 -0800
Processing by BandsController#show as HTML
  Parameters: {"id"=>"2"}
  [1m[36mBand Load (0.3ms)[0m  [1m[34mSELECT  "bands".* FROM "bands" WHERE "bands"."id" = $1 LIMIT $2[0m  [["id", 2], ["LIMIT", 1]]
  ↳ app/controllers/bands_controller.rb:26
  Rendering bands/show.html.erb within layouts/application
  Rendered bands/show.html.erb within layouts/application (1.6ms)
Completed 200 OK in 30ms (Views: 25.8ms | ActiveRecord: 0.9ms)


Started GET "/bands/2" for ::1 at 2019-12-13 12:44:06 -0800
Processing by BandsController#show as HTML
  Parameters: {"id"=>"2"}
  [1m[36mBand Load (1.4ms)[0m  [1m[34mSELECT  "bands".* FROM "bands" WHERE "bands"."id" = $1 LIMIT $2[0m  [["id", 2], ["LIMIT", 1]]
  ↳ app/controllers/bands_controller.rb:26
  Rendering bands/show.html.erb within layouts/application
  Rendered bands/show.html.erb within layouts/application (1.2ms)
Completed 200 OK in 27ms (Views: 24.4ms | ActiveRecord: 1.4ms)


Started GET "/bands/2" for ::1 at 2019-12-13 12:44:08 -0800
Processing by BandsController#show as HTML
  Parameters: {"id"=>"2"}
  [1m[36mBand Load (0.4ms)[0m  [1m[34mSELECT  "bands".* FROM "bands" WHERE "bands"."id" = $1 LIMIT $2[0m  [["id", 2], ["LIMIT", 1]]
  ↳ app/controllers/bands_controller.rb:26
  Rendering bands/show.html.erb within layouts/application
  Rendered bands/show.html.erb within layouts/application (1.1ms)
Completed 200 OK in 23ms (Views: 21.5ms | ActiveRecord: 0.4ms)


Started GET "/bands/2" for ::1 at 2019-12-13 12:44:41 -0800
Processing by BandsController#show as HTML
  Parameters: {"id"=>"2"}
  [1m[36mBand Load (1.5ms)[0m  [1m[34mSELECT  "bands".* FROM "bands" WHERE "bands"."id" = $1 LIMIT $2[0m  [["id", 2], ["LIMIT", 1]]
  ↳ app/controllers/bands_controller.rb:26
  Rendering bands/show.html.erb within layouts/application
  Rendered bands/show.html.erb within layouts/application (1.1ms)
Completed 200 OK in 23ms (Views: 20.1ms | ActiveRecord: 1.5ms)


Started GET "/bands" for ::1 at 2019-12-13 12:44:43 -0800
Processing by BandsController#index as HTML
  Rendering bands/index.html.erb within layouts/application
  [1m[36mBand Load (1.2ms)[0m  [1m[34mSELECT "bands".* FROM "bands"[0m
  ↳ app/views/bands/index.html.erb:4
  Rendered bands/index.html.erb within layouts/application (3.1ms)
Completed 200 OK in 25ms (Views: 23.3ms | ActiveRecord: 1.2ms)


Started GET "/bands/2" for ::1 at 2019-12-13 12:44:44 -0800
Processing by BandsController#show as HTML
  Parameters: {"id"=>"2"}
  [1m[36mBand Load (0.3ms)[0m  [1m[34mSELECT  "bands".* FROM "bands" WHERE "bands"."id" = $1 LIMIT $2[0m  [["id", 2], ["LIMIT", 1]]
  ↳ app/controllers/bands_controller.rb:26
  Rendering bands/show.html.erb within layouts/application
  Rendered bands/show.html.erb within layouts/application (1.4ms)
Completed 200 OK in 29ms (Views: 24.6ms | ActiveRecord: 0.3ms)


Started GET "/bands/2/edit" for ::1 at 2019-12-13 12:44:44 -0800
Processing by BandsController#edit as HTML
  Parameters: {"id"=>"2"}
  [1m[36mBand Load (0.9ms)[0m  [1m[34mSELECT  "bands".* FROM "bands" WHERE "bands"."id" = $1 LIMIT $2[0m  [["id", 2], ["LIMIT", 1]]
  ↳ app/controllers/bands_controller.rb:21
  Rendering bands/edit.html.erb within layouts/application
  Rendered bands/edit.html.erb within layouts/application (0.9ms)
Completed 200 OK in 25ms (Views: 20.8ms | ActiveRecord: 0.9ms)


Started PATCH "/bands/2" for ::1 at 2019-12-13 12:44:53 -0800
Processing by BandsController#update as HTML
  Parameters: {"authenticity_token"=>"RuyM3FJfKtmTMXCef0z33jzvL7hTKjg4StsreX8T3jXIjXMNPiFF3SaFjUmT0Ryu+6he2smBljR7YzZu0ILceg==", "band"=>{"name"=>"U2 rocks"}, "id"=>"2"}
  [1m[36mBand Load (0.6ms)[0m  [1m[34mSELECT  "bands".* FROM "bands" WHERE "bands"."id" = $1 LIMIT $2[0m  [["id", 2], ["LIMIT", 1]]
  ↳ app/controllers/bands_controller.rb:31
  [1m[35m (0.3ms)[0m  [1m[35mBEGIN[0m
  ↳ app/controllers/bands_controller.rb:32
  [1m[36mBand Update (0.4ms)[0m  [1m[33mUPDATE "bands" SET "name" = $1, "updated_at" = $2 WHERE "bands"."id" = $3[0m  [["name", "U2 rocks"], ["updated_at", "2019-12-13 20:44:53.268003"], ["id", 2]]
  ↳ app/controllers/bands_controller.rb:32
  [1m[35m (0.5ms)[0m  [1m[35mCOMMIT[0m
  ↳ app/controllers/bands_controller.rb:32
Redirected to http://localhost:3000/bands/2
Completed 302 Found in 7ms (ActiveRecord: 1.9ms)


Started GET "/bands/2" for ::1 at 2019-12-13 12:44:53 -0800
Processing by BandsController#show as HTML
  Parameters: {"id"=>"2"}
  [1m[36mBand Load (1.0ms)[0m  [1m[34mSELECT  "bands".* FROM "bands" WHERE "bands"."id" = $1 LIMIT $2[0m  [["id", 2], ["LIMIT", 1]]
  ↳ app/controllers/bands_controller.rb:26
  Rendering bands/show.html.erb within layouts/application
  Rendered bands/show.html.erb within layouts/application (0.8ms)
Completed 200 OK in 25ms (Views: 22.4ms | ActiveRecord: 1.0ms)


Started GET "/bands" for ::1 at 2019-12-13 12:44:55 -0800
Processing by BandsController#index as HTML
  Rendering bands/index.html.erb within layouts/application
  [1m[36mBand Load (2.9ms)[0m  [1m[34mSELECT "bands".* FROM "bands"[0m
  ↳ app/views/bands/index.html.erb:4
  Rendered bands/index.html.erb within layouts/application (7.1ms)
Completed 200 OK in 30ms (Views: 26.3ms | ActiveRecord: 2.9ms)


Started GET "/bands/2" for ::1 at 2019-12-13 12:44:56 -0800
Processing by BandsController#show as HTML
  Parameters: {"id"=>"2"}
  [1m[36mBand Load (1.0ms)[0m  [1m[34mSELECT  "bands".* FROM "bands" WHERE "bands"."id" = $1 LIMIT $2[0m  [["id", 2], ["LIMIT", 1]]
  ↳ app/controllers/bands_controller.rb:26
  Rendering bands/show.html.erb within layouts/application
  Rendered bands/show.html.erb within layouts/application (1.2ms)
Completed 200 OK in 33ms (Views: 29.1ms | ActiveRecord: 1.0ms)


Started GET "/bands/2/edit" for ::1 at 2019-12-13 12:44:57 -0800
Processing by BandsController#edit as HTML
  Parameters: {"id"=>"2"}
  [1m[36mBand Load (4.3ms)[0m  [1m[34mSELECT  "bands".* FROM "bands" WHERE "bands"."id" = $1 LIMIT $2[0m  [["id", 2], ["LIMIT", 1]]
  ↳ app/controllers/bands_controller.rb:21
  Rendering bands/edit.html.erb within layouts/application
  Rendered bands/edit.html.erb within layouts/application (1.6ms)
Completed 200 OK in 28ms (Views: 22.3ms | ActiveRecord: 4.3ms)


Started PATCH "/bands/2" for ::1 at 2019-12-13 12:45:01 -0800
Processing by BandsController#update as HTML
  Parameters: {"authenticity_token"=>"Ik/d8eGSp2WGa6V3Y052qUohiP7IGMmMixsyvp5KlZusLiIgjezIYTPfWKCP053ZjWb5nFKzZ4C6oy+pMduX1A==", "band"=>{"name"=>"U2"}, "id"=>"2"}
  [1m[36mBand Load (0.3ms)[0m  [1m[34mSELECT  "bands".* FROM "bands" WHERE "bands"."id" = $1 LIMIT $2[0m  [["id", 2], ["LIMIT", 1]]
  ↳ app/controllers/bands_controller.rb:31
  [1m[35m (0.3ms)[0m  [1m[35mBEGIN[0m
  ↳ app/controllers/bands_controller.rb:32
  [1m[36mBand Update (0.5ms)[0m  [1m[33mUPDATE "bands" SET "name" = $1, "updated_at" = $2 WHERE "bands"."id" = $3[0m  [["name", "U2"], ["updated_at", "2019-12-13 20:45:01.744965"], ["id", 2]]
  ↳ app/controllers/bands_controller.rb:32
  [1m[35m (0.5ms)[0m  [1m[35mCOMMIT[0m
  ↳ app/controllers/bands_controller.rb:32
Redirected to http://localhost:3000/bands/2
Completed 302 Found in 6ms (ActiveRecord: 1.6ms)


Started GET "/bands/2" for ::1 at 2019-12-13 12:45:01 -0800
Processing by BandsController#show as HTML
  Parameters: {"id"=>"2"}
  [1m[36mBand Load (0.5ms)[0m  [1m[34mSELECT  "bands".* FROM "bands" WHERE "bands"."id" = $1 LIMIT $2[0m  [["id", 2], ["LIMIT", 1]]
  ↳ app/controllers/bands_controller.rb:26
  Rendering bands/show.html.erb within layouts/application
  Rendered bands/show.html.erb within layouts/application (1.5ms)
Completed 200 OK in 25ms (Views: 22.3ms | ActiveRecord: 0.5ms)


Started GET "/bands/2/edit" for ::1 at 2019-12-13 12:45:34 -0800
Processing by BandsController#edit as HTML
  Parameters: {"id"=>"2"}
  [1m[36mBand Load (0.7ms)[0m  [1m[34mSELECT  "bands".* FROM "bands" WHERE "bands"."id" = $1 LIMIT $2[0m  [["id", 2], ["LIMIT", 1]]
  ↳ app/controllers/bands_controller.rb:21
  Rendering bands/edit.html.erb within layouts/application
  Rendered bands/edit.html.erb within layouts/application (1.3ms)
Completed 200 OK in 29ms (Views: 26.1ms | ActiveRecord: 0.7ms)


Started PATCH "/bands/2" for ::1 at 2019-12-13 12:45:53 -0800
Processing by BandsController#update as HTML
  Parameters: {"authenticity_token"=>"kjPdST5BTqDNugCLgqxW6p0PxyvCx6hO4tFbKJTw+RgcUiKYUj8hpHgO/VxuMb2aWki2SVhsBkLTaUY/O2H7Vw==", "band"=>{"name"=>"U2"}, "id"=>"2"}
  [1m[36mBand Load (0.6ms)[0m  [1m[34mSELECT  "bands".* FROM "bands" WHERE "bands"."id" = $1 LIMIT $2[0m  [["id", 2], ["LIMIT", 1]]
  ↳ app/controllers/bands_controller.rb:31
  [1m[35m (0.6ms)[0m  [1m[35mBEGIN[0m
  ↳ app/controllers/bands_controller.rb:32
  [1m[35m (0.2ms)[0m  [1m[35mCOMMIT[0m
  ↳ app/controllers/bands_controller.rb:32
Redirected to http://localhost:3000/bands/2
Completed 302 Found in 8ms (ActiveRecord: 1.4ms)


Started GET "/bands/2" for ::1 at 2019-12-13 12:45:53 -0800
Processing by BandsController#show as HTML
  Parameters: {"id"=>"2"}
  [1m[36mBand Load (0.2ms)[0m  [1m[34mSELECT  "bands".* FROM "bands" WHERE "bands"."id" = $1 LIMIT $2[0m  [["id", 2], ["LIMIT", 1]]
  ↳ app/controllers/bands_controller.rb:26
  Rendering bands/show.html.erb within layouts/application
  Rendered bands/show.html.erb within layouts/application (3.0ms)
Completed 200 OK in 21ms (Views: 19.6ms | ActiveRecord: 0.2ms)


Started GET "/bands/2/edit" for ::1 at 2019-12-13 12:45:54 -0800
Processing by BandsController#edit as HTML
  Parameters: {"id"=>"2"}
  [1m[36mBand Load (2.1ms)[0m  [1m[34mSELECT  "bands".* FROM "bands" WHERE "bands"."id" = $1 LIMIT $2[0m  [["id", 2], ["LIMIT", 1]]
  ↳ app/controllers/bands_controller.rb:21
  Rendering bands/edit.html.erb within layouts/application
  Rendered bands/edit.html.erb within layouts/application (1.1ms)
Completed 200 OK in 28ms (Views: 24.0ms | ActiveRecord: 2.1ms)


Started GET "/bands" for ::1 at 2019-12-13 12:45:58 -0800
Processing by BandsController#index as HTML
  Rendering bands/index.html.erb within layouts/application
  [1m[36mBand Load (2.7ms)[0m  [1m[34mSELECT "bands".* FROM "bands"[0m
  ↳ app/views/bands/index.html.erb:4
  Rendered bands/index.html.erb within layouts/application (5.5ms)
Completed 200 OK in 30ms (Views: 26.2ms | ActiveRecord: 2.7ms)


  [1m[35m (0.2ms)[0m  [1m[34mSELECT pg_try_advisory_lock(4505726345591715405)[0m
  ↳ bin/rails:9
  [1m[35m (0.8ms)[0m  [1m[34mSELECT "schema_migrations"."version" FROM "schema_migrations" ORDER BY "schema_migrations"."version" ASC[0m
  ↳ bin/rails:9
Migrating to CreateAlbums (20191213204931)
  [1m[35m (0.2ms)[0m  [1m[35mBEGIN[0m
  ↳ bin/rails:9
  [1m[35m (15.6ms)[0m  [1m[35mCREATE TABLE "albums" ("id" bigserial primary key, "title" character varying NOT NULL, "year" integer NOT NULL, "band_id" integer NOT NULL, "live_album" boolean, "created_at" timestamp NOT NULL, "updated_at" timestamp NOT NULL)[0m
  ↳ db/migrate/20191213204931_create_albums.rb:3
  [1m[35m (1.0ms)[0m  [1m[35mCREATE  INDEX  "index_albums_on_band_id" ON "albums"  ("band_id")[0m
  ↳ db/migrate/20191213204931_create_albums.rb:10
  [1m[36mActiveRecord::SchemaMigration Create (0.4ms)[0m  [1m[32mINSERT INTO "schema_migrations" ("version") VALUES ($1) RETURNING "version"[0m  [["version", "20191213204931"]]
  ↳ bin/rails:9
  [1m[35m (0.7ms)[0m  [1m[35mCOMMIT[0m
  ↳ bin/rails:9
  [1m[36mActiveRecord::InternalMetadata Load (0.4ms)[0m  [1m[34mSELECT  "ar_internal_metadata".* FROM "ar_internal_metadata" WHERE "ar_internal_metadata"."key" = $1 LIMIT $2[0m  [["key", "environment"], ["LIMIT", 1]]
  ↳ bin/rails:9
  [1m[35m (0.1ms)[0m  [1m[35mBEGIN[0m
  ↳ bin/rails:9
  [1m[35m (0.1ms)[0m  [1m[35mCOMMIT[0m
  ↳ bin/rails:9
  [1m[35m (0.2ms)[0m  [1m[34mSELECT pg_advisory_unlock(4505726345591715405)[0m
  ↳ bin/rails:9
  [1m[35m (0.3ms)[0m  [1m[34mSELECT "schema_migrations"."version" FROM "schema_migrations" ORDER BY "schema_migrations"."version" ASC[0m
  ↳ bin/rails:9
  [1m[35m (5.3ms)[0m  [1m[35mCREATE DATABASE "music_app_development" ENCODING = 'unicode'[0m
  ↳ bin/rails:9
  [1m[35m (0.5ms)[0m  [1m[35mCREATE DATABASE "music_app_test" ENCODING = 'unicode'[0m
  ↳ bin/rails:9
  [1m[35m (0.6ms)[0m  [1m[35mCREATE DATABASE "music_app_development" ENCODING = 'unicode'[0m
  ↳ bin/rails:9
  [1m[35m (282.0ms)[0m  [1m[35mCREATE DATABASE "music_db_test" ENCODING = 'utf8'[0m
  ↳ bin/rails:9
